{"/home/usuario/ull-esit-inf-dsi-20-21-prct06-generics-solid-alu0101209500/code/src/ejercicio-1/PokemonFighters.ts":{"path":"/home/usuario/ull-esit-inf-dsi-20-21-prct06-generics-solid-alu0101209500/code/src/ejercicio-1/PokemonFighters.ts","statementMap":{"0":{"start":{"line":2,"column":0},"end":{"line":2,"column":62}},"1":{"start":{"line":3,"column":0},"end":{"line":3,"column":33}},"2":{"start":{"line":4,"column":18},"end":{"line":4,"column":38}},"3":{"start":{"line":18,"column":8},"end":{"line":18,"column":57}},"4":{"start":{"line":21,"column":0},"end":{"line":21,"column":42}}},"fnMap":{"0":{"name":"(anonymous_0)","decl":{"start":{"line":17,"column":4},"end":{"line":17,"column":5}},"loc":{"start":{"line":17,"column":48},"end":{"line":19,"column":5}},"line":17}},"branchMap":{},"s":{"0":1,"1":1,"2":1,"3":3,"4":1},"f":{"0":3},"b":{},"inputSourceMap":{"version":3,"file":"/home/usuario/ull-esit-inf-dsi-20-21-prct06-generics-solid-alu0101209500/code/src/ejercicio-1/PokemonFighters.ts","sources":["/home/usuario/ull-esit-inf-dsi-20-21-prct06-generics-solid-alu0101209500/code/src/ejercicio-1/PokemonFighters.ts"],"names":[],"mappings":";;;AAAA,uCAA4D;AAE5D;;GAEG;AACH,MAAa,eAAgB,SAAQ,iBAAO;IACxC;;;;;;;OAOG;IACH,YAAY,MAAa,EAAE,EAAgB,EACvC,WAAmB,EAAE,KAAiB;QAClC,KAAK,CAAC,MAAM,EAAE,EAAE,EAAE,WAAW,EAAE,KAAK,EAAE,SAAS,CAAC,CAAC;IACrD,CAAC;CACR;AAbD,0CAaC","sourcesContent":["import {Fighter, WeightHeight, Statistics} from \"./fighter\";\n\n/**\n * Define la clase luchador \"Pokemon Fighters\"\n */\nexport class PokemonFighters extends Fighter {\n    /**\n     * Constructor de la clase\n     * @param nombre Nombre del luchador\n     * @param pa Peso y altura\n     * @param catchphrase Frase característica\n     * @param stats Estadísticas del luchador\n     * @param Universo A qué universo pertenece\n     */\n    constructor(nombre:string, pa: WeightHeight,\n        catchphrase: string, stats: Statistics){\n            super(nombre, pa, catchphrase, stats, \"Pokemon\");\n        }\n}"]},"_coverageSchema":"1a1c01bbd47fc00a2c39e90264f33305004495a9","hash":"7febc37438e7c32e3451a5ecc33815f122f4216c","contentHash":"f36ea513b9daae01bc382f92c5c1c2e271a027f74c5a3e4039c32ef95f61e36d"},"/home/usuario/ull-esit-inf-dsi-20-21-prct06-generics-solid-alu0101209500/code/src/ejercicio-1/fighter.ts":{"path":"/home/usuario/ull-esit-inf-dsi-20-21-prct06-generics-solid-alu0101209500/code/src/ejercicio-1/fighter.ts","statementMap":{"0":{"start":{"line":2,"column":0},"end":{"line":2,"column":62}},"1":{"start":{"line":3,"column":0},"end":{"line":3,"column":25}},"2":{"start":{"line":17,"column":8},"end":{"line":17,"column":29}},"3":{"start":{"line":18,"column":8},"end":{"line":18,"column":21}},"4":{"start":{"line":19,"column":8},"end":{"line":19,"column":39}},"5":{"start":{"line":20,"column":8},"end":{"line":20,"column":27}},"6":{"start":{"line":21,"column":8},"end":{"line":21,"column":33}},"7":{"start":{"line":27,"column":8},"end":{"line":27,"column":27}},"8":{"start":{"line":33,"column":8},"end":{"line":33,"column":23}},"9":{"start":{"line":39,"column":8},"end":{"line":39,"column":32}},"10":{"start":{"line":45,"column":8},"end":{"line":45,"column":26}},"11":{"start":{"line":51,"column":8},"end":{"line":51,"column":29}},"12":{"start":{"line":57,"column":8},"end":{"line":57,"column":339}},"13":{"start":{"line":58,"column":8},"end":{"line":58,"column":335}},"14":{"start":{"line":61,"column":0},"end":{"line":61,"column":26}}},"fnMap":{"0":{"name":"(anonymous_0)","decl":{"start":{"line":16,"column":4},"end":{"line":16,"column":5}},"loc":{"start":{"line":16,"column":58},"end":{"line":22,"column":5}},"line":16},"1":{"name":"(anonymous_1)","decl":{"start":{"line":26,"column":4},"end":{"line":26,"column":5}},"loc":{"start":{"line":26,"column":16},"end":{"line":28,"column":5}},"line":26},"2":{"name":"(anonymous_2)","decl":{"start":{"line":32,"column":4},"end":{"line":32,"column":5}},"loc":{"start":{"line":32,"column":12},"end":{"line":34,"column":5}},"line":32},"3":{"name":"(anonymous_3)","decl":{"start":{"line":38,"column":4},"end":{"line":38,"column":5}},"loc":{"start":{"line":38,"column":15},"end":{"line":40,"column":5}},"line":38},"4":{"name":"(anonymous_4)","decl":{"start":{"line":44,"column":4},"end":{"line":44,"column":5}},"loc":{"start":{"line":44,"column":15},"end":{"line":46,"column":5}},"line":44},"5":{"name":"(anonymous_5)","decl":{"start":{"line":50,"column":4},"end":{"line":50,"column":5}},"loc":{"start":{"line":50,"column":18},"end":{"line":52,"column":5}},"line":50},"6":{"name":"(anonymous_6)","decl":{"start":{"line":56,"column":4},"end":{"line":56,"column":5}},"loc":{"start":{"line":56,"column":12},"end":{"line":59,"column":5}},"line":56}},"branchMap":{},"s":{"0":1,"1":1,"2":15,"3":15,"4":15,"5":15,"6":15,"7":65,"8":41,"9":28,"10":108,"11":35,"12":10,"13":10,"14":1},"f":{"0":15,"1":65,"2":41,"3":28,"4":108,"5":35,"6":10},"b":{},"inputSourceMap":{"version":3,"file":"/home/usuario/ull-esit-inf-dsi-20-21-prct06-generics-solid-alu0101209500/code/src/ejercicio-1/fighter.ts","sources":["/home/usuario/ull-esit-inf-dsi-20-21-prct06-generics-solid-alu0101209500/code/src/ejercicio-1/fighter.ts"],"names":[],"mappings":";;;AAeA;;GAEG;AACH,MAAsB,OAAO;IACzB;;;;;;;OAOG;IACH,YAAoB,MAAa,EAAU,EAAgB,EAC/C,WAAmB,EAAU,KAAiB,EAAU,QAAe;QAD/D,WAAM,GAAN,MAAM,CAAO;QAAU,OAAE,GAAF,EAAE,CAAc;QAC/C,gBAAW,GAAX,WAAW,CAAQ;QAAU,UAAK,GAAL,KAAK,CAAY;QAAU,aAAQ,GAAR,QAAQ,CAAO;IAAE,CAAC;IACtF;;OAEG;IACH,SAAS;QACL,OAAO,IAAI,CAAC,MAAM,CAAC;IACvB,CAAC;IACD;;OAEG;IACH,KAAK;QACD,OAAO,IAAI,CAAC,EAAE,CAAC;IACnB,CAAC;IACD;;OAEG;IACH,QAAQ;QACJ,OAAO,IAAI,CAAC,WAAW,CAAC;IAC5B,CAAC;IACD;;OAEG;IACH,QAAQ;QACJ,OAAO,IAAI,CAAC,KAAK,CAAC;IACtB,CAAC;IACD;;OAEG;IACH,WAAW;QACP,OAAO,IAAI,CAAC,QAAQ,CAAC;IACzB,CAAC;IACD;;OAEG;IACH,KAAK;QACD,OAAO,CAAC,GAAG,CAAC,WAAW,IAAI,CAAC,SAAS,EAAE,WAAW,IAAI,CAAC,KAAK,EAAE,CAAC,CAAC,CAAC,aAAa,IAAI,CAAC,KAAK,EAAE,CAAC,CAAC,CAAC,eAAe,IAAI,CAAC,WAAW,EAAE,uBAAuB,IAAI,CAAC,QAAQ,EAAE,2BAA2B,IAAI,CAAC,QAAQ,EAAE,CAAC,EAAE,eAAe,IAAI,CAAC,QAAQ,EAAE,CAAC,MAAM,gBAAgB,IAAI,CAAC,QAAQ,EAAE,CAAC,QAAQ,kBAAkB,IAAI,CAAC,QAAQ,EAAE,CAAC,KAAK,IAAI,CAAC,CAAC;QAC3U,OAAO,CAAC,WAAW,IAAI,CAAC,SAAS,EAAE,WAAW,IAAI,CAAC,KAAK,EAAE,CAAC,CAAC,CAAC,aAAa,IAAI,CAAC,KAAK,EAAE,CAAC,CAAC,CAAC,eAAe,IAAI,CAAC,WAAW,EAAE,uBAAuB,IAAI,CAAC,QAAQ,EAAE,2BAA2B,IAAI,CAAC,QAAQ,EAAE,CAAC,EAAE,eAAe,IAAI,CAAC,QAAQ,EAAE,CAAC,MAAM,gBAAgB,IAAI,CAAC,QAAQ,EAAE,CAAC,QAAQ,kBAAkB,IAAI,CAAC,QAAQ,EAAE,CAAC,KAAK,IAAI,CAAC,CAAC;IAC3U,CAAC;CACJ;AAhDD,0BAgDC","sourcesContent":["/**\n * Define un tipo que almacena peso y altura.\n */\nexport type WeightHeight = [number, number];\n\n/**\n * Define un tipo que almacena las estadísticas de un luchador. Guarda hp, ataque, defensa y velocidad.\n */\nexport type Statistics = {\n    hp: number;\n    attack: number;\n    deffense: number;\n    speed: number;\n};\n\n/**\n * Define un luchador.\n */\nexport abstract class Fighter {\n    /**\n     * Constructor de la clase\n     * @param nombre Nombre del luchador\n     * @param pa Peso y altura\n     * @param catchphrase Frase característica\n     * @param stats Estadísticas del luchador\n     * @param Universo A qué universo pertenece\n     */\n    constructor(private nombre:string, private pa: WeightHeight,\n        private catchphrase: string, private stats: Statistics, private Universo:string){}\n    /**\n     * Devuelve una cadena con el nombre del luchador\n     */\n    getNombre(){\n        return this.nombre;\n    }\n    /**\n     * Devuelve una array con el peso y la altura del luchador\n     */\n    getPa(){\n        return this.pa;\n    }\n    /**\n     * Devuelve una cadena con el tipo del luchador\n     */\n    getCatch(){\n        return this.catchphrase;\n    }\n    /**\n     * Devuelve un objeto con las estadísticas del luchador\n     */\n    getStats(){\n        return this.stats;\n    }\n    /**\n     * Devuelve una cadena con el Universo del personaje\n     */\n    getUniverso(){\n        return this.Universo;\n    }\n    /**\n     * Imprime la información del luchador\n     */\n    print():string {\n        console.log(`Nombre: ${this.getNombre()}\\nPeso: ${this.getPa()[0]}\\nAltura: ${this.getPa()[1]}\\nUniverso: ${this.getUniverso()}\\nFrase con gancho: ${this.getCatch()}\\nEstadísticas: \\n\\tHP: ${this.getStats().hp}\\n\\tAtaque: ${this.getStats().attack}\\n\\tDefensa: ${this.getStats().deffense}\\n\\tVelocidad: ${this.getStats().speed}\\n`);\n        return (`Nombre: ${this.getNombre()}\\nPeso: ${this.getPa()[0]}\\nAltura: ${this.getPa()[1]}\\nUniverso: ${this.getUniverso()}\\nFrase con gancho: ${this.getCatch()}\\nEstadísticas: \\n\\tHP: ${this.getStats().hp}\\n\\tAtaque: ${this.getStats().attack}\\n\\tDefensa: ${this.getStats().deffense}\\n\\tVelocidad: ${this.getStats().speed}\\n`);\n    }\n}\n"]},"_coverageSchema":"1a1c01bbd47fc00a2c39e90264f33305004495a9","hash":"1420005ab5db7cb0993420f5d74c42c4ecb9d155","contentHash":"dc258e31d4c774672cd19686de13ef1926e5e3211b2260ed753459e7e52d32fa"},"/home/usuario/ull-esit-inf-dsi-20-21-prct06-generics-solid-alu0101209500/code/src/ejercicio-1/StarWarsFighters.ts":{"path":"/home/usuario/ull-esit-inf-dsi-20-21-prct06-generics-solid-alu0101209500/code/src/ejercicio-1/StarWarsFighters.ts","statementMap":{"0":{"start":{"line":2,"column":0},"end":{"line":2,"column":62}},"1":{"start":{"line":3,"column":0},"end":{"line":3,"column":34}},"2":{"start":{"line":4,"column":18},"end":{"line":4,"column":38}},"3":{"start":{"line":18,"column":8},"end":{"line":18,"column":59}},"4":{"start":{"line":21,"column":0},"end":{"line":21,"column":44}}},"fnMap":{"0":{"name":"(anonymous_0)","decl":{"start":{"line":17,"column":4},"end":{"line":17,"column":5}},"loc":{"start":{"line":17,"column":48},"end":{"line":19,"column":5}},"line":17}},"branchMap":{},"s":{"0":1,"1":1,"2":1,"3":3,"4":1},"f":{"0":3},"b":{},"inputSourceMap":{"version":3,"file":"/home/usuario/ull-esit-inf-dsi-20-21-prct06-generics-solid-alu0101209500/code/src/ejercicio-1/StarWarsFighters.ts","sources":["/home/usuario/ull-esit-inf-dsi-20-21-prct06-generics-solid-alu0101209500/code/src/ejercicio-1/StarWarsFighters.ts"],"names":[],"mappings":";;;AAAA,uCAA4D;AAE5D;;GAEG;AACH,MAAa,gBAAiB,SAAQ,iBAAO;IACrC;;;;;;;GAOD;IACH,YAAY,MAAa,EAAE,EAAgB,EACvC,WAAmB,EAAE,KAAiB;QAClC,KAAK,CAAC,MAAM,EAAE,EAAE,EAAE,WAAW,EAAE,KAAK,EAAE,WAAW,CAAC,CAAC;IACvD,CAAC;CACR;AAbD,4CAaC","sourcesContent":["import {Fighter, WeightHeight, Statistics} from \"./fighter\";\n\n/**\n * Define la clase luchador \"Star Wars Fighters\"\n */\nexport class StarWarsFighters extends Fighter {\n        /**\n     * Constructor de la clase\n     * @param nombre Nombre del luchador\n     * @param pa Peso y altura\n     * @param catchphrase Frase característica\n     * @param stats Estadísticas del luchador\n     * @param Universo A qué universo pertenece\n     */\n    constructor(nombre:string, pa: WeightHeight,\n        catchphrase: string, stats: Statistics){\n            super(nombre, pa, catchphrase, stats, \"Star Wars\");\n        }\n}"]},"_coverageSchema":"1a1c01bbd47fc00a2c39e90264f33305004495a9","hash":"817c88310aa7c8a7349791a2542b8a74cacced8b","contentHash":"6a61ef0164518f217d16ecbfaf4ccc79130c2481d1f8ccde9a227077b17129ee"},"/home/usuario/ull-esit-inf-dsi-20-21-prct06-generics-solid-alu0101209500/code/src/ejercicio-1/MarvelFighters.ts":{"path":"/home/usuario/ull-esit-inf-dsi-20-21-prct06-generics-solid-alu0101209500/code/src/ejercicio-1/MarvelFighters.ts","statementMap":{"0":{"start":{"line":2,"column":0},"end":{"line":2,"column":62}},"1":{"start":{"line":3,"column":0},"end":{"line":3,"column":32}},"2":{"start":{"line":4,"column":18},"end":{"line":4,"column":38}},"3":{"start":{"line":18,"column":8},"end":{"line":18,"column":56}},"4":{"start":{"line":21,"column":0},"end":{"line":21,"column":40}}},"fnMap":{"0":{"name":"(anonymous_0)","decl":{"start":{"line":17,"column":4},"end":{"line":17,"column":5}},"loc":{"start":{"line":17,"column":48},"end":{"line":19,"column":5}},"line":17}},"branchMap":{},"s":{"0":1,"1":1,"2":1,"3":3,"4":1},"f":{"0":3},"b":{},"inputSourceMap":{"version":3,"file":"/home/usuario/ull-esit-inf-dsi-20-21-prct06-generics-solid-alu0101209500/code/src/ejercicio-1/MarvelFighters.ts","sources":["/home/usuario/ull-esit-inf-dsi-20-21-prct06-generics-solid-alu0101209500/code/src/ejercicio-1/MarvelFighters.ts"],"names":[],"mappings":";;;AAAA,uCAA4D;AAE5D;;GAEG;AACH,MAAa,cAAe,SAAQ,iBAAO;IACvC;;;;;;;OAOG;IACH,YAAY,MAAa,EAAE,EAAgB,EACvC,WAAmB,EAAE,KAAiB;QAClC,KAAK,CAAC,MAAM,EAAE,EAAE,EAAE,WAAW,EAAE,KAAK,EAAE,QAAQ,CAAC,CAAC;IACpD,CAAC;CACR;AAbD,wCAaC","sourcesContent":["import {Fighter, WeightHeight, Statistics} from \"./fighter\";\n\n/**\n * Define la clase luchador \"Marvel Fighters\"\n */\nexport class MarvelFighters extends Fighter {\n    /**\n     * Constructor de la clase\n     * @param nombre Nombre del luchador\n     * @param pa Peso y altura\n     * @param catchphrase Frase característica\n     * @param stats Estadísticas del luchador\n     * @param Universo A qué universo pertenece\n     */\n    constructor(nombre:string, pa: WeightHeight,\n        catchphrase: string, stats: Statistics){\n            super(nombre, pa, catchphrase, stats, \"Marvel\");\n        }\n}"]},"_coverageSchema":"1a1c01bbd47fc00a2c39e90264f33305004495a9","hash":"c0fa279bcf8148c38681fdfe9fba96b848554823","contentHash":"3ab7ba186ea1fc945d54e7371828fae2d109d5b7972f200d87d541ca5637a068"},"/home/usuario/ull-esit-inf-dsi-20-21-prct06-generics-solid-alu0101209500/code/src/ejercicio-1/WarhammerFighters.ts":{"path":"/home/usuario/ull-esit-inf-dsi-20-21-prct06-generics-solid-alu0101209500/code/src/ejercicio-1/WarhammerFighters.ts","statementMap":{"0":{"start":{"line":2,"column":0},"end":{"line":2,"column":62}},"1":{"start":{"line":3,"column":0},"end":{"line":3,"column":35}},"2":{"start":{"line":4,"column":18},"end":{"line":4,"column":38}},"3":{"start":{"line":18,"column":8},"end":{"line":18,"column":59}},"4":{"start":{"line":21,"column":0},"end":{"line":21,"column":46}}},"fnMap":{"0":{"name":"(anonymous_0)","decl":{"start":{"line":17,"column":4},"end":{"line":17,"column":5}},"loc":{"start":{"line":17,"column":48},"end":{"line":19,"column":5}},"line":17}},"branchMap":{},"s":{"0":1,"1":1,"2":1,"3":3,"4":1},"f":{"0":3},"b":{},"inputSourceMap":{"version":3,"file":"/home/usuario/ull-esit-inf-dsi-20-21-prct06-generics-solid-alu0101209500/code/src/ejercicio-1/WarhammerFighters.ts","sources":["/home/usuario/ull-esit-inf-dsi-20-21-prct06-generics-solid-alu0101209500/code/src/ejercicio-1/WarhammerFighters.ts"],"names":[],"mappings":";;;AAAA,uCAA4D;AAE5D;;GAEG;AACH,MAAa,iBAAkB,SAAQ,iBAAO;IAC1C;;;;;;;OAOG;IACH,YAAY,MAAa,EAAE,EAAgB,EACvC,WAAmB,EAAE,KAAiB;QAClC,KAAK,CAAC,MAAM,EAAE,EAAE,EAAE,WAAW,EAAE,KAAK,EAAE,WAAW,CAAC,CAAC;IACvD,CAAC;CACR;AAbD,8CAaC","sourcesContent":["import {Fighter, WeightHeight, Statistics} from \"./fighter\";\n\n/**\n * Define la clase luchador \"Warhammer Fighters\"\n */\nexport class WarhammerFighters extends Fighter {\n    /**\n     * Constructor de la clase\n     * @param nombre Nombre del luchador\n     * @param pa Peso y altura\n     * @param catchphrase Frase característica\n     * @param stats Estadísticas del luchador\n     * @param Universo A qué universo pertenece\n     */\n    constructor(nombre:string, pa: WeightHeight,\n        catchphrase: string, stats: Statistics){\n            super(nombre, pa, catchphrase, stats, \"Warhammer\");\n        }\n}"]},"_coverageSchema":"1a1c01bbd47fc00a2c39e90264f33305004495a9","hash":"ce1a5bac19efe7df11c2d5dd634ebbbb770b83e9","contentHash":"67c1774ae64e5331b34556b73621b428d75ae76ea9ab9268bad9bdab65fee11a"},"/home/usuario/ull-esit-inf-dsi-20-21-prct06-generics-solid-alu0101209500/code/src/ejercicio-1/ActionHeroesFighters.ts":{"path":"/home/usuario/ull-esit-inf-dsi-20-21-prct06-generics-solid-alu0101209500/code/src/ejercicio-1/ActionHeroesFighters.ts","statementMap":{"0":{"start":{"line":2,"column":0},"end":{"line":2,"column":62}},"1":{"start":{"line":3,"column":0},"end":{"line":3,"column":38}},"2":{"start":{"line":4,"column":18},"end":{"line":4,"column":38}},"3":{"start":{"line":18,"column":8},"end":{"line":18,"column":63}},"4":{"start":{"line":21,"column":0},"end":{"line":21,"column":52}}},"fnMap":{"0":{"name":"(anonymous_0)","decl":{"start":{"line":17,"column":4},"end":{"line":17,"column":5}},"loc":{"start":{"line":17,"column":48},"end":{"line":19,"column":5}},"line":17}},"branchMap":{},"s":{"0":1,"1":1,"2":1,"3":3,"4":1},"f":{"0":3},"b":{},"inputSourceMap":{"version":3,"file":"/home/usuario/ull-esit-inf-dsi-20-21-prct06-generics-solid-alu0101209500/code/src/ejercicio-1/ActionHeroesFighters.ts","sources":["/home/usuario/ull-esit-inf-dsi-20-21-prct06-generics-solid-alu0101209500/code/src/ejercicio-1/ActionHeroesFighters.ts"],"names":[],"mappings":";;;AAAA,uCAA4D;AAE5D;;GAEG;AACH,MAAa,oBAAqB,SAAQ,iBAAO;IAC7C;;;;;;;OAOG;IACH,YAAY,MAAa,EAAE,EAAgB,EACvC,WAAmB,EAAE,KAAiB;QAClC,KAAK,CAAC,MAAM,EAAE,EAAE,EAAE,WAAW,EAAE,KAAK,EAAE,eAAe,CAAC,CAAC;IAC3D,CAAC;CACR;AAbD,oDAaC","sourcesContent":["import {Fighter, WeightHeight, Statistics} from \"./fighter\";\n\n/**\n * Define la clase luchador \"Action Heroes\"\n */\nexport class ActionHeroesFighters extends Fighter {\n    /**\n     * Constructor de la clase\n     * @param nombre Nombre del luchador\n     * @param pa Peso y altura\n     * @param catchphrase Frase característica\n     * @param stats Estadísticas del luchador\n     * @param Universo A qué universo pertenece\n     */\n    constructor(nombre:string, pa: WeightHeight,\n        catchphrase: string, stats: Statistics){\n            super(nombre, pa, catchphrase, stats, \"Action Heroes\");\n        }\n}"]},"_coverageSchema":"1a1c01bbd47fc00a2c39e90264f33305004495a9","hash":"4a9fab31adc6e63b6c0785ea0892a7318785928a","contentHash":"a25b18d72acb915fccd0abfbee99d02d00c0bab908e2dc965b57305e2fcdd1ee"},"/home/usuario/ull-esit-inf-dsi-20-21-prct06-generics-solid-alu0101209500/code/src/ejercicio-1/deffinitiveCombat.ts":{"path":"/home/usuario/ull-esit-inf-dsi-20-21-prct06-generics-solid-alu0101209500/code/src/ejercicio-1/deffinitiveCombat.ts","statementMap":{"0":{"start":{"line":2,"column":0},"end":{"line":2,"column":62}},"1":{"start":{"line":3,"column":0},"end":{"line":3,"column":35}},"2":{"start":{"line":11,"column":8},"end":{"line":11,"column":33}},"3":{"start":{"line":12,"column":8},"end":{"line":12,"column":33}},"4":{"start":{"line":23,"column":31},"end":{"line":23,"column":252}},"5":{"start":{"line":24,"column":31},"end":{"line":24,"column":118}},"6":{"start":{"line":25,"column":8},"end":{"line":33,"column":9}},"7":{"start":{"line":25,"column":44},"end":{"line":25,"column":107}},"8":{"start":{"line":26,"column":12},"end":{"line":26,"column":28}},"9":{"start":{"line":28,"column":13},"end":{"line":33,"column":9}},"10":{"start":{"line":28,"column":49},"end":{"line":28,"column":183}},"11":{"start":{"line":29,"column":12},"end":{"line":29,"column":28}},"12":{"start":{"line":32,"column":12},"end":{"line":32,"column":30}},"13":{"start":{"line":34,"column":8},"end":{"line":34,"column":69}},"14":{"start":{"line":40,"column":17},"end":{"line":40,"column":44}},"15":{"start":{"line":41,"column":17},"end":{"line":41,"column":44}},"16":{"start":{"line":42,"column":18},"end":{"line":42,"column":19}},"17":{"start":{"line":43,"column":8},"end":{"line":72,"column":9}},"18":{"start":{"line":44,"column":12},"end":{"line":44,"column":99}},"19":{"start":{"line":45,"column":12},"end":{"line":45,"column":156}},"20":{"start":{"line":46,"column":12},"end":{"line":48,"column":13}},"21":{"start":{"line":47,"column":16},"end":{"line":47,"column":56}},"22":{"start":{"line":49,"column":12},"end":{"line":49,"column":80}},"23":{"start":{"line":50,"column":12},"end":{"line":50,"column":85}},"24":{"start":{"line":51,"column":12},"end":{"line":51,"column":26}},"25":{"start":{"line":52,"column":12},"end":{"line":55,"column":13}},"26":{"start":{"line":53,"column":16},"end":{"line":53,"column":130}},"27":{"start":{"line":54,"column":16},"end":{"line":54,"column":91}},"28":{"start":{"line":56,"column":12},"end":{"line":56,"column":141}},"29":{"start":{"line":57,"column":12},"end":{"line":57,"column":69}},"30":{"start":{"line":58,"column":12},"end":{"line":58,"column":99}},"31":{"start":{"line":59,"column":12},"end":{"line":59,"column":156}},"32":{"start":{"line":60,"column":12},"end":{"line":62,"column":13}},"33":{"start":{"line":61,"column":16},"end":{"line":61,"column":56}},"34":{"start":{"line":63,"column":12},"end":{"line":63,"column":80}},"35":{"start":{"line":64,"column":12},"end":{"line":64,"column":85}},"36":{"start":{"line":65,"column":12},"end":{"line":65,"column":26}},"37":{"start":{"line":66,"column":12},"end":{"line":69,"column":13}},"38":{"start":{"line":67,"column":16},"end":{"line":67,"column":130}},"39":{"start":{"line":68,"column":16},"end":{"line":68,"column":91}},"40":{"start":{"line":70,"column":12},"end":{"line":70,"column":141}},"41":{"start":{"line":71,"column":12},"end":{"line":71,"column":69}},"42":{"start":{"line":73,"column":8},"end":{"line":73,"column":18}},"43":{"start":{"line":76,"column":0},"end":{"line":76,"column":46}}},"fnMap":{"0":{"name":"(anonymous_0)","decl":{"start":{"line":10,"column":4},"end":{"line":10,"column":5}},"loc":{"start":{"line":10,"column":36},"end":{"line":13,"column":5}},"line":10},"1":{"name":"(anonymous_1)","decl":{"start":{"line":21,"column":4},"end":{"line":21,"column":5}},"loc":{"start":{"line":21,"column":38},"end":{"line":35,"column":5}},"line":21},"2":{"name":"(anonymous_2)","decl":{"start":{"line":25,"column":36},"end":{"line":25,"column":37}},"loc":{"start":{"line":25,"column":44},"end":{"line":25,"column":107}},"line":25},"3":{"name":"(anonymous_3)","decl":{"start":{"line":28,"column":41},"end":{"line":28,"column":42}},"loc":{"start":{"line":28,"column":49},"end":{"line":28,"column":183}},"line":28},"4":{"name":"(anonymous_4)","decl":{"start":{"line":39,"column":4},"end":{"line":39,"column":5}},"loc":{"start":{"line":39,"column":12},"end":{"line":74,"column":5}},"line":39}},"branchMap":{"0":{"loc":{"start":{"line":25,"column":8},"end":{"line":33,"column":9}},"type":"if","locations":[{"start":{"line":25,"column":8},"end":{"line":33,"column":9}},{"start":{"line":25,"column":8},"end":{"line":33,"column":9}}],"line":25},"1":{"loc":{"start":{"line":25,"column":44},"end":{"line":25,"column":107}},"type":"binary-expr","locations":[{"start":{"line":25,"column":45},"end":{"line":25,"column":73}},{"start":{"line":25,"column":79},"end":{"line":25,"column":106}}],"line":25},"2":{"loc":{"start":{"line":28,"column":13},"end":{"line":33,"column":9}},"type":"if","locations":[{"start":{"line":28,"column":13},"end":{"line":33,"column":9}},{"start":{"line":28,"column":13},"end":{"line":33,"column":9}}],"line":28},"3":{"loc":{"start":{"line":28,"column":49},"end":{"line":28,"column":183}},"type":"binary-expr","locations":[{"start":{"line":28,"column":51},"end":{"line":28,"column":79}},{"start":{"line":28,"column":85},"end":{"line":28,"column":112}},{"start":{"line":28,"column":120},"end":{"line":28,"column":148}},{"start":{"line":28,"column":154},"end":{"line":28,"column":181}}],"line":28},"4":{"loc":{"start":{"line":43,"column":15},"end":{"line":43,"column":35}},"type":"binary-expr","locations":[{"start":{"line":43,"column":16},"end":{"line":43,"column":22}},{"start":{"line":43,"column":28},"end":{"line":43,"column":34}}],"line":43},"5":{"loc":{"start":{"line":46,"column":12},"end":{"line":48,"column":13}},"type":"if","locations":[{"start":{"line":46,"column":12},"end":{"line":48,"column":13}},{"start":{"line":46,"column":12},"end":{"line":48,"column":13}}],"line":46},"6":{"loc":{"start":{"line":52,"column":12},"end":{"line":55,"column":13}},"type":"if","locations":[{"start":{"line":52,"column":12},"end":{"line":55,"column":13}},{"start":{"line":52,"column":12},"end":{"line":55,"column":13}}],"line":52},"7":{"loc":{"start":{"line":60,"column":12},"end":{"line":62,"column":13}},"type":"if","locations":[{"start":{"line":60,"column":12},"end":{"line":62,"column":13}},{"start":{"line":60,"column":12},"end":{"line":62,"column":13}}],"line":60},"8":{"loc":{"start":{"line":66,"column":12},"end":{"line":69,"column":13}},"type":"if","locations":[{"start":{"line":66,"column":12},"end":{"line":69,"column":13}},{"start":{"line":66,"column":12},"end":{"line":69,"column":13}}],"line":66}},"s":{"0":1,"1":1,"2":5,"3":5,"4":7,"5":7,"6":7,"7":56,"8":2,"9":5,"10":15,"11":3,"12":2,"13":7,"14":5,"15":5,"16":5,"17":5,"18":5,"19":5,"20":5,"21":0,"22":5,"23":5,"24":5,"25":5,"26":3,"27":3,"28":2,"29":2,"30":2,"31":2,"32":2,"33":0,"34":2,"35":2,"36":2,"37":2,"38":2,"39":2,"40":0,"41":0,"42":0,"43":1},"f":{"0":5,"1":7,"2":56,"3":15,"4":5},"b":{"0":[2,5],"1":[56,12],"2":[3,2],"3":[15,2,14,4],"4":[5,5],"5":[0,5],"6":[3,2],"7":[0,2],"8":[2,0]},"inputSourceMap":{"version":3,"file":"/home/usuario/ull-esit-inf-dsi-20-21-prct06-generics-solid-alu0101209500/code/src/ejercicio-1/deffinitiveCombat.ts","sources":["/home/usuario/ull-esit-inf-dsi-20-21-prct06-generics-solid-alu0101209500/code/src/ejercicio-1/deffinitiveCombat.ts"],"names":[],"mappings":";;;AAEA,MAAa,iBAAiB;IAC1B;;;;OAIG;IACH,YAAoB,QAAU,EAAU,QAAU;QAA9B,aAAQ,GAAR,QAAQ,CAAE;QAAU,aAAQ,GAAR,QAAQ,CAAE;IAAE,CAAC;IACrD;;;;;;OAMG;IACH,MAAM,CAAC,MAAa,EAAE,KAAY,EAAE,GAAU,EAAE,KAAY;QACxD,IAAI,WAAmB,CAAC;QACxB,IAAI,gBAAgB,GAAsB,CAAC,CAAC,SAAS,EAAE,QAAQ,CAAC,EAAE,CAAC,QAAQ,EAAE,WAAW,CAAC,EAAE,CAAC,QAAQ,EAAE,eAAe,CAAC,EAAE,CAAC,WAAW,EAAE,SAAS,CAAC,EAAE,CAAC,WAAW,EAAE,SAAS,CAAC,EAAE,CAAC,WAAW,EAAE,WAAW,CAAC,EAAE,CAAC,eAAe,EAAE,WAAW,CAAC,EAAE,CAAC,eAAe,EAAE,WAAW,CAAC,CAAC,CAAC;QACxQ,IAAI,gBAAgB,GAAsB,CAAC,CAAC,SAAS,EAAE,eAAe,CAAC,EAAE,CAAC,WAAW,EAAE,eAAe,CAAC,EAAE,CAAC,WAAW,EAAE,QAAQ,CAAC,CAAC,CAAC;QAClI,IAAG,gBAAgB,CAAC,MAAM,CAAC,CAAC,CAAC,EAAE,EAAE,CAAC,CAAC,CAAC,CAAC,CAAC,CAAC,CAAC,IAAI,MAAM,CAAC,WAAW,EAAE,CAAC,IAAI,CAAC,CAAC,CAAC,CAAC,CAAC,IAAI,KAAK,CAAC,WAAW,EAAE,CAAC,CAAC,CAAC,CAAC,MAAM,GAAG,CAAC,EAAC;YAC5G,WAAW,GAAG,CAAC,CAAC;SACnB;aAAK,IAAG,gBAAgB,CAAC,MAAM,CAAC,CAAC,CAAC,EAAE,EAAE,CAAC,CAAC,CAAC,CAAC,CAAC,CAAC,CAAC,CAAC,IAAI,MAAM,CAAC,WAAW,EAAE,CAAC,IAAI,CAAC,CAAC,CAAC,CAAC,CAAC,IAAI,KAAK,CAAC,WAAW,EAAE,CAAC,CAAC,IAAI,CAAC,CAAC,CAAC,CAAC,CAAC,CAAC,IAAI,MAAM,CAAC,WAAW,EAAE,CAAC,IAAI,CAAC,CAAC,CAAC,CAAC,CAAC,IAAI,KAAK,CAAC,WAAW,EAAE,CAAC,CAAC,CAAC,CAAE,CAAC,MAAM,GAAG,CAAC,EAAC;YAC1L,WAAW,GAAG,CAAC,CAAC;SACnB;aAAI;YACD,WAAW,GAAG,GAAG,CAAC;SACrB;QACD,OAAO,MAAM,CAAC,CAAC,EAAE,GAAG,CAAC,GAAG,GAAC,KAAK,CAAC,GAAC,WAAW,CAAC,CAAC,OAAO,CAAC,CAAC,CAAC,CAAC,CAAC;IAC7D,CAAC;IACD;;OAEG;IACH,KAAK;QACD,IAAI,EAAE,GAAU,IAAI,CAAC,QAAQ,CAAC,QAAQ,EAAE,CAAC,EAAE,CAAC;QAC5C,IAAI,EAAE,GAAU,IAAI,CAAC,QAAQ,CAAC,QAAQ,EAAE,CAAC,EAAE,CAAC;QAC5C,IAAI,GAAG,GAAU,CAAC,CAAC;QACnB,OAAM,CAAC,EAAE,GAAG,CAAC,CAAC,IAAE,CAAC,EAAE,GAAG,CAAC,CAAC,EAAC;YACrB,OAAO,CAAC,GAAG,CAAC,IAAI,CAAC,QAAQ,CAAC,SAAS,EAAE,GAAG,WAAW,GAAG,IAAI,CAAC,QAAQ,CAAC,SAAS,EAAE,GAAG,GAAG,CAAC,CAAC;YACvF,GAAG,GAAG,IAAI,CAAC,MAAM,CAAC,IAAI,CAAC,QAAQ,CAAC,WAAW,EAAE,EAAE,IAAI,CAAC,QAAQ,CAAC,WAAW,EAAE,EAAE,IAAI,CAAC,QAAQ,CAAC,QAAQ,EAAE,CAAC,MAAM,EAAE,IAAI,CAAC,QAAQ,CAAC,QAAQ,EAAE,CAAC,QAAQ,CAAC,CAAC;YAChJ,IAAG,GAAG,GAAG,CAAC,EAAC;gBACP,MAAM,OAAO,CAAC,KAAK,CAAC,kBAAkB,CAAC,CAAC;aAC3C;YACD,OAAO,CAAC,GAAG,CAAC,0BAA0B,GAAG,MAAM,CAAC,GAAG,CAAC,GAAG,WAAW,CAAC,CAAC;YACpE,OAAO,CAAC,GAAG,CAAC,IAAI,CAAC,QAAQ,CAAC,SAAS,EAAE,GAAG,IAAI,GAAG,IAAI,CAAC,QAAQ,CAAC,QAAQ,EAAE,CAAC,CAAC;YACzE,EAAE,GAAG,EAAE,GAAG,GAAG,CAAC;YACd,IAAG,EAAE,IAAI,CAAC,EAAC;gBACP,OAAO,CAAC,GAAG,CAAC,IAAI,CAAC,QAAQ,CAAC,SAAS,EAAE,GAAG,uBAAuB,GAAG,IAAI,CAAC,QAAQ,CAAC,SAAS,EAAE,GAAG,kBAAkB,CAAC,CAAC;gBAClH,OAAO,CAAC,IAAI,CAAC,QAAQ,CAAC,SAAS,EAAE,GAAG,aAAa,GAAG,EAAE,GAAG,gBAAgB,CAAC,CAAC;aAC9E;YACD,OAAO,CAAC,GAAG,CAAC,IAAI,CAAC,QAAQ,CAAC,SAAS,EAAE,GAAG,QAAQ,GAAG,MAAM,CAAC,EAAE,CAAC,GAAG,KAAK,GAAG,IAAI,CAAC,QAAQ,CAAC,SAAS,EAAE,GAAG,QAAQ,GAAG,MAAM,CAAC,EAAE,CAAC,GAAG,GAAG,CAAC,CAAC;YACjI,OAAO,CAAC,GAAG,CAAC,2CAA2C,CAAC,CAAC;YACzD,OAAO,CAAC,GAAG,CAAC,IAAI,CAAC,QAAQ,CAAC,SAAS,EAAE,GAAG,WAAW,GAAG,IAAI,CAAC,QAAQ,CAAC,SAAS,EAAE,GAAG,GAAG,CAAC,CAAC;YACvF,GAAG,GAAG,IAAI,CAAC,MAAM,CAAC,IAAI,CAAC,QAAQ,CAAC,WAAW,EAAE,EAAE,IAAI,CAAC,QAAQ,CAAC,WAAW,EAAE,EAAE,IAAI,CAAC,QAAQ,CAAC,QAAQ,EAAE,CAAC,MAAM,EAAE,IAAI,CAAC,QAAQ,CAAC,QAAQ,EAAE,CAAC,QAAQ,CAAC,CAAC;YAChJ,IAAG,GAAG,IAAI,CAAC,CAAC,EAAC;gBACT,MAAM,OAAO,CAAC,KAAK,CAAC,kBAAkB,CAAC,CAAC;aAC3C;YACD,OAAO,CAAC,GAAG,CAAC,0BAA0B,GAAG,MAAM,CAAC,GAAG,CAAC,GAAG,WAAW,CAAC,CAAC;YACpE,OAAO,CAAC,GAAG,CAAC,IAAI,CAAC,QAAQ,CAAC,SAAS,EAAE,GAAG,IAAI,GAAG,IAAI,CAAC,QAAQ,CAAC,QAAQ,EAAE,CAAC,CAAC;YACzE,EAAE,GAAG,EAAE,GAAG,GAAG,CAAC;YACd,IAAG,EAAE,IAAI,CAAC,EAAC;gBACP,OAAO,CAAC,GAAG,CAAC,IAAI,CAAC,QAAQ,CAAC,SAAS,EAAE,GAAG,uBAAuB,GAAG,IAAI,CAAC,QAAQ,CAAC,SAAS,EAAE,GAAG,kBAAkB,CAAC,CAAC;gBAClH,OAAO,CAAC,IAAI,CAAC,QAAQ,CAAC,SAAS,EAAE,GAAG,aAAa,GAAG,EAAE,GAAG,gBAAgB,CAAC,CAAC;aAC9E;YACD,OAAO,CAAC,GAAG,CAAC,IAAI,CAAC,QAAQ,CAAC,SAAS,EAAE,GAAG,QAAQ,GAAG,MAAM,CAAC,EAAE,CAAC,GAAG,KAAK,GAAG,IAAI,CAAC,QAAQ,CAAC,SAAS,EAAE,GAAG,QAAQ,GAAG,MAAM,CAAC,EAAE,CAAC,GAAG,GAAG,CAAC,CAAC;YACjI,OAAO,CAAC,GAAG,CAAC,2CAA2C,CAAC,CAAC;SAC5D;QACD,OAAO,EAAE,CAAC;IACd,CAAC;CACJ;AAlED,8CAkEC","sourcesContent":["import {Fighter} from \"./fighter\";\n\nexport class DeffinitiveCombat <T extends Fighter>{\n    /**\n     * Añade los dos luchadores que participarán en el combate\n     * @param fighter1 Primer luchador\n     * @param fighter2 Segundo luchador\n     */\n    constructor(private fighter1:T, private fighter2:T){}\n    /**\n     * Calcula el daño que inflinge un luchador atacante a un luchador atacado\n     * @param player Atacante\n     * @param enemy Atacado\n     * @param att Ataque del atacante\n     * @param defen Defensa del atacado\n     */\n    ataque(player:string, enemy:string, att:number, defen:number): number{\n        let efectividad: number;\n        let mayorEfectividad:[string, string][] = [[\"pokemon\", \"marvel\"], [\"marvel\", \"star wars\"], [\"marvel\", \"action heroes\"], [\"star wars\", \"pokemon\"], [\"warhammer\", \"pokemon\"], [\"warhammer\", \"star wars\"], [\"action heroes\", \"star wars\"], [\"action heroes\", \"warhammer\"]];\n        let igualEfectividad:[string, string][] = [[\"pokemon\", \"action heroes\"], [\"star wars\", \"action heroes\"], [\"warhammer\", \"marvel\"]];\n        if(mayorEfectividad.filter((i) => ((i[0] == player.toLowerCase()) && (i[1] == enemy.toLowerCase()))).length > 0){\n            efectividad = 2;\n        }else if(igualEfectividad.filter((i) => (((i[0] == player.toLowerCase()) && (i[1] == enemy.toLowerCase())) || ((i[1] == player.toLowerCase()) && (i[0] == enemy.toLowerCase()))) ).length > 0){\n            efectividad = 1;\n        }else{\n            efectividad = 0.5;\n        }\n        return Number((50 * (att/defen)*efectividad).toFixed(0));\n    }\n    /**\n     * Inicia la simulación. Imprime por pantalla el desarrollo del combate y devuelve una cadena indicando el vencedor y los hp restantes.\n     */\n    start(){\n        let P1:number = this.fighter1.getStats().hp;\n        let P2:number = this.fighter2.getStats().hp;\n        let dmg:number = 0;\n        while((P1 > 0)&&(P2 > 0)){\n            console.log(this.fighter1.getNombre() + \" ataca a \" + this.fighter2.getNombre() + \".\");\n            dmg = this.ataque(this.fighter1.getUniverso(), this.fighter2.getUniverso(), this.fighter1.getStats().attack, this.fighter2.getStats().deffense);\n            if(dmg < 0){\n                throw console.error(\"Tipo no definido\");\n            }\n            console.log(\"El ataque ha inflingido \" + String(dmg) + \" de daño!\");\n            console.log(this.fighter1.getNombre() + \": \" + this.fighter1.getCatch());\n            P2 = P2 - dmg;\n            if(P2 <= 0){\n                console.log(this.fighter2.getNombre() + \" ha sido derrotado!\\n\" + this.fighter1.getNombre() + \" es el vencedor.\");\n                return (this.fighter1.getNombre() + \" vence con \" + P1 + \" HP restantes.\");\n            }\n            console.log(this.fighter1.getNombre() + \" HP = \" + String(P1) + \".\\n\" + this.fighter2.getNombre() + \" HP = \" + String(P2) + \".\");\n            console.log(\"-----------------------------------------\");\n            console.log(this.fighter2.getNombre() + \" ataca a \" + this.fighter1.getNombre() + \".\");\n            dmg = this.ataque(this.fighter2.getUniverso(), this.fighter1.getUniverso(), this.fighter2.getStats().attack, this.fighter1.getStats().deffense);\n            if(dmg == -1){\n                throw console.error(\"Tipo no definido\");\n            }\n            console.log(\"El ataque ha inflingido \" + String(dmg) + \" de daño!\");\n            console.log(this.fighter2.getNombre() + \": \" + this.fighter2.getCatch());\n            P1 = P1 - dmg;\n            if(P1 <= 0){\n                console.log(this.fighter1.getNombre() + \" ha sido derrotado!\\n\" + this.fighter2.getNombre() + \" es el vencedor.\");\n                return (this.fighter2.getNombre() + \" vence con \" + P2 + \" HP restantes.\");\n            }\n            console.log(this.fighter1.getNombre() + \" HP = \" + String(P1) + \".\\n\" + this.fighter2.getNombre() + \" HP = \" + String(P2) + \".\");\n            console.log(\"-----------------------------------------\");\n        }\n        return \"\";\n    }\n}"]},"_coverageSchema":"1a1c01bbd47fc00a2c39e90264f33305004495a9","hash":"ebb365437a4694e58543854f168f74f5dd3bc8aa","contentHash":"a456e5e145ac6b474decddfbb21efa5b8740037a943036c485a97c6600164b5e"},"/home/usuario/ull-esit-inf-dsi-20-21-prct06-generics-solid-alu0101209500/code/src/ejercicio-1/deffinitivePokedex.ts":{"path":"/home/usuario/ull-esit-inf-dsi-20-21-prct06-generics-solid-alu0101209500/code/src/ejercicio-1/deffinitivePokedex.ts","statementMap":{"0":{"start":{"line":2,"column":0},"end":{"line":2,"column":62}},"1":{"start":{"line":3,"column":0},"end":{"line":3,"column":36}},"2":{"start":{"line":9,"column":8},"end":{"line":9,"column":25}},"3":{"start":{"line":16,"column":8},"end":{"line":22,"column":9}},"4":{"start":{"line":17,"column":12},"end":{"line":17,"column":51}},"5":{"start":{"line":18,"column":12},"end":{"line":18,"column":45}},"6":{"start":{"line":21,"column":12},"end":{"line":21,"column":41}},"7":{"start":{"line":28,"column":8},"end":{"line":28,"column":32}},"8":{"start":{"line":34,"column":21},"end":{"line":34,"column":23}},"9":{"start":{"line":35,"column":8},"end":{"line":38,"column":9}},"10":{"start":{"line":35,"column":21},"end":{"line":35,"column":22}},"11":{"start":{"line":36,"column":12},"end":{"line":36,"column":30}},"12":{"start":{"line":37,"column":12},"end":{"line":37,"column":53}},"13":{"start":{"line":39,"column":8},"end":{"line":39,"column":22}},"14":{"start":{"line":42,"column":0},"end":{"line":42,"column":48}}},"fnMap":{"0":{"name":"(anonymous_0)","decl":{"start":{"line":8,"column":4},"end":{"line":8,"column":5}},"loc":{"start":{"line":8,"column":22},"end":{"line":10,"column":5}},"line":8},"1":{"name":"(anonymous_1)","decl":{"start":{"line":15,"column":4},"end":{"line":15,"column":5}},"loc":{"start":{"line":15,"column":16},"end":{"line":23,"column":5}},"line":15},"2":{"name":"(anonymous_2)","decl":{"start":{"line":27,"column":4},"end":{"line":27,"column":5}},"loc":{"start":{"line":27,"column":26},"end":{"line":29,"column":5}},"line":27},"3":{"name":"(anonymous_3)","decl":{"start":{"line":33,"column":4},"end":{"line":33,"column":5}},"loc":{"start":{"line":33,"column":22},"end":{"line":40,"column":5}},"line":33}},"branchMap":{"0":{"loc":{"start":{"line":16,"column":8},"end":{"line":22,"column":9}},"type":"if","locations":[{"start":{"line":16,"column":8},"end":{"line":22,"column":9}},{"start":{"line":16,"column":8},"end":{"line":22,"column":9}}],"line":16},"1":{"loc":{"start":{"line":16,"column":12},"end":{"line":16,"column":44}},"type":"binary-expr","locations":[{"start":{"line":16,"column":12},"end":{"line":16,"column":34}},{"start":{"line":16,"column":38},"end":{"line":16,"column":44}}],"line":16}},"s":{"0":1,"1":1,"2":1,"3":10,"4":0,"5":0,"6":10,"7":1,"8":1,"9":1,"10":1,"11":5,"12":5,"13":1,"14":1},"f":{"0":1,"1":10,"2":1,"3":1},"b":{"0":[0,10],"1":[10,10]},"inputSourceMap":{"version":3,"file":"/home/usuario/ull-esit-inf-dsi-20-21-prct06-generics-solid-alu0101209500/code/src/ejercicio-1/deffinitivePokedex.ts","sources":["/home/usuario/ull-esit-inf-dsi-20-21-prct06-generics-solid-alu0101209500/code/src/ejercicio-1/deffinitivePokedex.ts"],"names":[],"mappings":";;;AAEA,MAAa,kBAAkB;IAC3B;;OAEG;IACH,YAAoB,IAAS;QAAT,SAAI,GAAJ,IAAI,CAAK;IAAE,CAAC;IAChC;;;OAGG;IACH,OAAO,CAAC,EAAS;QACb,IAAG,EAAE,IAAI,IAAI,CAAC,IAAI,CAAC,MAAM,IAAI,EAAE,GAAG,CAAC,EAAC;YAChC,OAAO,CAAC,GAAG,CAAC,yBAAyB,CAAC,CAAC;YACvC,OAAO,yBAAyB,CAAC;SACpC;aAAK;YACN,OAAO,IAAI,CAAC,IAAI,CAAC,EAAE,CAAC,CAAC,KAAK,EAAE,CAAC;SAC5B;IACL,CAAC;IACD;;OAEG;IACH,mBAAmB;QACf,OAAO,IAAI,CAAC,IAAI,CAAC,MAAM,CAAC;IAC5B,CAAC;IACD;;OAEG;IACH,eAAe;QACX,IAAI,MAAM,GAAW,EAAE,CAAC;QACxB,KAAI,IAAI,CAAC,GAAU,CAAC,EAAE,CAAC,GAAG,IAAI,CAAC,IAAI,CAAC,MAAM,EAAE,CAAC,EAAE,EAAC;YAC5C,OAAO,CAAC,GAAG,CAAC,IAAI,CAAC,CAAC;YAClB,MAAM,GAAG,MAAM,GAAG,IAAI,CAAC,OAAO,CAAC,CAAC,CAAC,GAAG,IAAI,CAAC;SAC5C;QACD,OAAO,MAAM,CAAC;IAClB,CAAC;CACJ;AAlCD,gDAkCC","sourcesContent":["import {Fighter} from \"./fighter\";\n\nexport class DeffinitivePokedex <T extends Fighter>{\n    /**\n     * @param vect Vector que almacena objetos del tipo Pokemon\n     */\n    constructor(private vect: T[]){}\n    /**\n     * Imprime por pantalla la información del Pokemon con el ID indicado\n     * @param id ID del Pokemon\n     */\n    getByID(id:number):string {\n        if(id >= this.vect.length || id < 0){\n            console.log(\"Entrada no encontrada\\n\");\n            return \"Entrada no encontrada\\n\";\n        } else{\n        return this.vect[id].print();\n        }\n    }\n    /**\n     * Devuelve el número de Pokemon que contiene la Pokedex\n     */\n    getNumberOfFighters(){\n        return this.vect.length;\n    }\n    /**\n     * Imprime por pantalla la información relativa a cada Pokemon contenido en la Pokedex\n     */\n    showFullPokedex():string {\n        let result: string = \"\";\n        for(let i:number = 0; i < this.vect.length; i++){\n            console.log(\"\\n\");\n            result = result + this.getByID(i) + \"\\n\";\n        }\n        return result;\n    }\n}"]},"_coverageSchema":"1a1c01bbd47fc00a2c39e90264f33305004495a9","hash":"11300b5bb9220d3e53ad0ff5d10fd8e20a736ede","contentHash":"8445648bc84476edf9e936d3c4954af99353d84b1973e235cfaf1ccacf640464"},"/home/usuario/ull-esit-inf-dsi-20-21-prct06-generics-solid-alu0101209500/code/src/ejercicio-2/fuerza.ts":{"path":"/home/usuario/ull-esit-inf-dsi-20-21-prct06-generics-solid-alu0101209500/code/src/ejercicio-2/fuerza.ts","statementMap":{"0":{"start":{"line":2,"column":0},"end":{"line":2,"column":62}},"1":{"start":{"line":3,"column":0},"end":{"line":3,"column":24}},"2":{"start":{"line":6,"column":8},"end":{"line":6,"column":53}},"3":{"start":{"line":9,"column":8},"end":{"line":14,"column":9}},"4":{"start":{"line":10,"column":12},"end":{"line":10,"column":87}},"5":{"start":{"line":13,"column":12},"end":{"line":13,"column":161}},"6":{"start":{"line":17,"column":0},"end":{"line":17,"column":24}}},"fnMap":{"0":{"name":"(anonymous_0)","decl":{"start":{"line":5,"column":4},"end":{"line":5,"column":5}},"loc":{"start":{"line":5,"column":18},"end":{"line":7,"column":5}},"line":5},"1":{"name":"(anonymous_1)","decl":{"start":{"line":8,"column":4},"end":{"line":8,"column":5}},"loc":{"start":{"line":8,"column":24},"end":{"line":15,"column":5}},"line":8}},"branchMap":{"0":{"loc":{"start":{"line":9,"column":8},"end":{"line":14,"column":9}},"type":"if","locations":[{"start":{"line":9,"column":8},"end":{"line":14,"column":9}},{"start":{"line":9,"column":8},"end":{"line":14,"column":9}}],"line":9},"1":{"loc":{"start":{"line":9,"column":12},"end":{"line":9,"column":87}},"type":"binary-expr","locations":[{"start":{"line":9,"column":12},"end":{"line":9,"column":49}},{"start":{"line":9,"column":53},"end":{"line":9,"column":87}}],"line":9}},"s":{"0":1,"1":1,"2":1,"3":1,"4":0,"5":1,"6":1},"f":{"0":1,"1":1},"b":{"0":[0,1],"1":[1,1]},"inputSourceMap":{"version":3,"file":"/home/usuario/ull-esit-inf-dsi-20-21-prct06-generics-solid-alu0101209500/code/src/ejercicio-2/fuerza.ts","sources":["/home/usuario/ull-esit-inf-dsi-20-21-prct06-generics-solid-alu0101209500/code/src/ejercicio-2/fuerza.ts"],"names":[],"mappings":";;;AAEA,MAAa,MAAM;IAEf;QACI,IAAI,CAAC,QAAQ,GAAG,CAAC,CAAC,GAAG,EAAE,MAAM,CAAC,EAAE,CAAC,CAAC,EAAE,MAAM,CAAC,CAAC,CAAC;IACjD,CAAC;IACD,OAAO,CAAC,IAAqB,EAAE,IAAW;QACtC,IAAG,IAAI,CAAC,QAAQ,CAAC,CAAC,CAAC,CAAC,OAAO,CAAC,IAAI,CAAC,CAAC,CAAC,CAAC,GAAG,CAAC,IAAI,IAAI,CAAC,QAAQ,CAAC,CAAC,CAAC,CAAC,OAAO,CAAC,IAAI,CAAC,GAAG,CAAC,EAAC;YAC3E,MAAM,OAAO,CAAC,KAAK,CAAC,qDAAqD,CAAC,CAAC;SAC9E;aAAI;YACD,OAAO,CAAC,IAAI,EAAE,MAAM,CAAC,CAAC,IAAI,CAAC,CAAC,CAAC,GAAG,IAAI,CAAC,QAAQ,CAAC,CAAC,CAAC,CAAC,IAAI,CAAC,QAAQ,CAAC,CAAC,CAAC,CAAC,OAAO,CAAC,IAAI,CAAC,CAAC,GAAE,IAAI,CAAC,QAAQ,CAAC,CAAC,CAAC,CAAC,IAAI,CAAC,QAAQ,CAAC,CAAC,CAAC,CAAC,OAAO,CAAC,IAAI,CAAC,CAAC,CAAC,CAAC,CAAC,CAAC,CAAC,OAAO,CAAC,CAAC,CAAC,CAAC,CAAC,CAAC;SACvJ;IACL,CAAC;CACJ;AAZD,wBAYC","sourcesContent":["import {isConvertible} from \"./isConvertible\";\n\nexport class Fuerza implements isConvertible<[string, number]>{\n    unidades: [string[], number[]];\n    constructor(){\n        this.unidades = [[\"N\", \"dina\"], [1, 100000]];\n    }\n    convert(val1:[string, number], val2:string): [string, number]{\n        if(this.unidades[0].indexOf(val1[0]) < 0 || this.unidades[0].indexOf(val2) < 0){\n            throw console.error(\"Se está intentando convertir una unidad no definida\");\n        }else{\n            return [val2, Number((val1[1] * this.unidades[1][this.unidades[0].indexOf(val2)]/ this.unidades[1][this.unidades[0].indexOf(val1[0])]).toFixed(5))];\n        }\n    }\n}"]},"_coverageSchema":"1a1c01bbd47fc00a2c39e90264f33305004495a9","hash":"077a1682a4315471cf51b5b95e30a8896ebd108a","contentHash":"a76d18295fb5f35849dfe7ebcd5bb769269d057103bbeab353a54a8ddb08698a"},"/home/usuario/ull-esit-inf-dsi-20-21-prct06-generics-solid-alu0101209500/code/src/ejercicio-2/longitud.ts":{"path":"/home/usuario/ull-esit-inf-dsi-20-21-prct06-generics-solid-alu0101209500/code/src/ejercicio-2/longitud.ts","statementMap":{"0":{"start":{"line":2,"column":0},"end":{"line":2,"column":62}},"1":{"start":{"line":3,"column":0},"end":{"line":3,"column":26}},"2":{"start":{"line":6,"column":8},"end":{"line":6,"column":69}},"3":{"start":{"line":9,"column":8},"end":{"line":14,"column":9}},"4":{"start":{"line":10,"column":12},"end":{"line":10,"column":87}},"5":{"start":{"line":13,"column":12},"end":{"line":13,"column":161}},"6":{"start":{"line":17,"column":0},"end":{"line":17,"column":28}}},"fnMap":{"0":{"name":"(anonymous_0)","decl":{"start":{"line":5,"column":4},"end":{"line":5,"column":5}},"loc":{"start":{"line":5,"column":18},"end":{"line":7,"column":5}},"line":5},"1":{"name":"(anonymous_1)","decl":{"start":{"line":8,"column":4},"end":{"line":8,"column":5}},"loc":{"start":{"line":8,"column":24},"end":{"line":15,"column":5}},"line":8}},"branchMap":{"0":{"loc":{"start":{"line":9,"column":8},"end":{"line":14,"column":9}},"type":"if","locations":[{"start":{"line":9,"column":8},"end":{"line":14,"column":9}},{"start":{"line":9,"column":8},"end":{"line":14,"column":9}}],"line":9},"1":{"loc":{"start":{"line":9,"column":12},"end":{"line":9,"column":87}},"type":"binary-expr","locations":[{"start":{"line":9,"column":12},"end":{"line":9,"column":49}},{"start":{"line":9,"column":53},"end":{"line":9,"column":87}}],"line":9}},"s":{"0":1,"1":1,"2":1,"3":2,"4":0,"5":2,"6":1},"f":{"0":1,"1":2},"b":{"0":[0,2],"1":[2,2]},"inputSourceMap":{"version":3,"file":"/home/usuario/ull-esit-inf-dsi-20-21-prct06-generics-solid-alu0101209500/code/src/ejercicio-2/longitud.ts","sources":["/home/usuario/ull-esit-inf-dsi-20-21-prct06-generics-solid-alu0101209500/code/src/ejercicio-2/longitud.ts"],"names":[],"mappings":";;;AAEA,MAAa,QAAQ;IAEjB;QACI,IAAI,CAAC,QAAQ,GAAG,CAAC,CAAC,GAAG,EAAE,IAAI,EAAE,IAAI,CAAC,EAAE,CAAC,CAAC,EAAE,KAAK,EAAE,WAAW,CAAC,CAAC,CAAC;IACjE,CAAC;IACD,OAAO,CAAC,IAAqB,EAAE,IAAW;QACtC,IAAG,IAAI,CAAC,QAAQ,CAAC,CAAC,CAAC,CAAC,OAAO,CAAC,IAAI,CAAC,CAAC,CAAC,CAAC,GAAG,CAAC,IAAI,IAAI,CAAC,QAAQ,CAAC,CAAC,CAAC,CAAC,OAAO,CAAC,IAAI,CAAC,GAAG,CAAC,EAAC;YAC3E,MAAM,OAAO,CAAC,KAAK,CAAC,qDAAqD,CAAC,CAAC;SAC9E;aAAI;YACD,OAAO,CAAC,IAAI,EAAE,MAAM,CAAC,CAAC,IAAI,CAAC,CAAC,CAAC,GAAG,IAAI,CAAC,QAAQ,CAAC,CAAC,CAAC,CAAC,IAAI,CAAC,QAAQ,CAAC,CAAC,CAAC,CAAC,OAAO,CAAC,IAAI,CAAC,CAAC,GAAE,IAAI,CAAC,QAAQ,CAAC,CAAC,CAAC,CAAC,IAAI,CAAC,QAAQ,CAAC,CAAC,CAAC,CAAC,OAAO,CAAC,IAAI,CAAC,CAAC,CAAC,CAAC,CAAC,CAAC,CAAC,OAAO,CAAC,CAAC,CAAC,CAAC,CAAC,CAAC;SACvJ;IACL,CAAC;CACJ;AAZD,4BAYC","sourcesContent":["import {isConvertible} from \"./isConvertible\";\n\nexport class Longitud implements isConvertible<[string, number]>{\n    unidades: [string[], number[]];\n    constructor(){\n        this.unidades = [[\"m\", \"km\", \"mi\"], [1, 0.001, 0.000621371]];\n    }\n    convert(val1:[string, number], val2:string): [string, number]{\n        if(this.unidades[0].indexOf(val1[0]) < 0 || this.unidades[0].indexOf(val2) < 0){\n            throw console.error(\"Se está intentando convertir una unidad no definida\");\n        }else{\n            return [val2, Number((val1[1] * this.unidades[1][this.unidades[0].indexOf(val2)]/ this.unidades[1][this.unidades[0].indexOf(val1[0])]).toFixed(5))];\n        }\n    }\n}"]},"_coverageSchema":"1a1c01bbd47fc00a2c39e90264f33305004495a9","hash":"9418982bc9cc66f51d01505730ee96e2b8939c4c","contentHash":"160b4f9330d5dc429d5bcfa162108ce686ed35b7a84f4812d1d34c9736c7bf13"},"/home/usuario/ull-esit-inf-dsi-20-21-prct06-generics-solid-alu0101209500/code/src/ejercicio-2/masa.ts":{"path":"/home/usuario/ull-esit-inf-dsi-20-21-prct06-generics-solid-alu0101209500/code/src/ejercicio-2/masa.ts","statementMap":{"0":{"start":{"line":2,"column":0},"end":{"line":2,"column":62}},"1":{"start":{"line":3,"column":0},"end":{"line":3,"column":22}},"2":{"start":{"line":6,"column":8},"end":{"line":6,"column":49}},"3":{"start":{"line":9,"column":8},"end":{"line":15,"column":9}},"4":{"start":{"line":10,"column":12},"end":{"line":10,"column":87}},"5":{"start":{"line":13,"column":25},"end":{"line":13,"column":190}},"6":{"start":{"line":14,"column":12},"end":{"line":14,"column":26}},"7":{"start":{"line":18,"column":0},"end":{"line":18,"column":20}}},"fnMap":{"0":{"name":"(anonymous_0)","decl":{"start":{"line":5,"column":4},"end":{"line":5,"column":5}},"loc":{"start":{"line":5,"column":18},"end":{"line":7,"column":5}},"line":5},"1":{"name":"(anonymous_1)","decl":{"start":{"line":8,"column":4},"end":{"line":8,"column":5}},"loc":{"start":{"line":8,"column":24},"end":{"line":16,"column":5}},"line":8}},"branchMap":{"0":{"loc":{"start":{"line":9,"column":8},"end":{"line":15,"column":9}},"type":"if","locations":[{"start":{"line":9,"column":8},"end":{"line":15,"column":9}},{"start":{"line":9,"column":8},"end":{"line":15,"column":9}}],"line":9},"1":{"loc":{"start":{"line":9,"column":12},"end":{"line":9,"column":93}},"type":"binary-expr","locations":[{"start":{"line":9,"column":12},"end":{"line":9,"column":55}},{"start":{"line":9,"column":59},"end":{"line":9,"column":93}}],"line":9}},"s":{"0":1,"1":1,"2":1,"3":2,"4":0,"5":2,"6":2,"7":1},"f":{"0":1,"1":2},"b":{"0":[0,2],"1":[2,2]},"inputSourceMap":{"version":3,"file":"/home/usuario/ull-esit-inf-dsi-20-21-prct06-generics-solid-alu0101209500/code/src/ejercicio-2/masa.ts","sources":["/home/usuario/ull-esit-inf-dsi-20-21-prct06-generics-solid-alu0101209500/code/src/ejercicio-2/masa.ts"],"names":[],"mappings":";;;AAEA,MAAa,IAAI;IAEb;QACI,IAAI,CAAC,QAAQ,GAAG,CAAC,CAAC,IAAI,EAAE,GAAG,CAAC,EAAE,CAAC,CAAC,EAAE,IAAI,CAAC,CAAC,CAAC;IAC7C,CAAC;IACD,OAAO,CAAC,IAAkC,EAAE,IAAW;QACnD,IAAG,IAAI,CAAC,QAAQ,CAAC,CAAC,CAAC,CAAC,OAAO,CAAC,IAAI,CAAC,QAAQ,CAAC,GAAG,CAAC,IAAI,IAAI,CAAC,QAAQ,CAAC,CAAC,CAAC,CAAC,OAAO,CAAC,IAAI,CAAC,GAAG,CAAC,EAAC;YACjF,MAAM,IAAI,SAAS,CAAC,qDAAqD,CAAC,CAAC;SAC9E;aAAI;YACD,IAAI,MAAM,GAAG,EAAC,QAAQ,EAAE,IAAI,EAAE,GAAG,EAAE,MAAM,CAAC,CAAC,IAAI,CAAC,GAAG,GAAG,IAAI,CAAC,QAAQ,CAAC,CAAC,CAAC,CAAC,IAAI,CAAC,QAAQ,CAAC,CAAC,CAAC,CAAC,OAAO,CAAC,IAAI,CAAC,CAAC,GAAE,IAAI,CAAC,QAAQ,CAAC,CAAC,CAAC,CAAC,IAAI,CAAC,QAAQ,CAAC,CAAC,CAAC,CAAC,OAAO,CAAC,IAAI,CAAC,QAAQ,CAAC,CAAC,CAAC,CAAC,OAAO,CAAC,CAAC,CAAC,CAAC,EAAC,CAAC;YAChL,OAAO,MAAM,CAAC;SACjB;IACL,CAAC;CACJ;AAbD,oBAaC","sourcesContent":["import {isConvertible} from \"./isConvertible\";\n\nexport class Masa implements isConvertible<{unitname:string, val:number}>{\n    unidades: [string[], number[]];\n    constructor(){\n        this.unidades = [[\"kg\", \"g\"], [1, 1000]];\n    }\n    convert(val1:{unitname:string, val:number}, val2:string): {unitname:string, val:number}{\n        if(this.unidades[0].indexOf(val1.unitname) < 0 || this.unidades[0].indexOf(val2) < 0){\n            throw new TypeError(\"Se está intentando convertir una unidad no definida\");\n        }else{\n            let result = {unitname: val2, val: Number((val1.val * this.unidades[1][this.unidades[0].indexOf(val2)]/ this.unidades[1][this.unidades[0].indexOf(val1.unitname)]).toFixed(3))};\n            return result;\n        }\n    }\n}"]},"_coverageSchema":"1a1c01bbd47fc00a2c39e90264f33305004495a9","hash":"cf4bc3af49a48acb9550f83c6a6dc278e473a144","contentHash":"316f656eefe5a59faf8125e44a74f900053fa0040ec994be2f22defecee34404"},"/home/usuario/ull-esit-inf-dsi-20-21-prct06-generics-solid-alu0101209500/code/src/ejercicio-2/temperatura.ts":{"path":"/home/usuario/ull-esit-inf-dsi-20-21-prct06-generics-solid-alu0101209500/code/src/ejercicio-2/temperatura.ts","statementMap":{"0":{"start":{"line":2,"column":0},"end":{"line":2,"column":62}},"1":{"start":{"line":3,"column":0},"end":{"line":3,"column":29}},"2":{"start":{"line":6,"column":8},"end":{"line":6,"column":50}},"3":{"start":{"line":9,"column":8},"end":{"line":20,"column":9}},"4":{"start":{"line":10,"column":12},"end":{"line":10,"column":24}},"5":{"start":{"line":12,"column":13},"end":{"line":20,"column":9}},"6":{"start":{"line":13,"column":12},"end":{"line":13,"column":43}},"7":{"start":{"line":15,"column":13},"end":{"line":20,"column":9}},"8":{"start":{"line":16,"column":12},"end":{"line":16,"column":43}},"9":{"start":{"line":19,"column":12},"end":{"line":19,"column":87}},"10":{"start":{"line":23,"column":0},"end":{"line":23,"column":34}}},"fnMap":{"0":{"name":"(anonymous_0)","decl":{"start":{"line":5,"column":4},"end":{"line":5,"column":5}},"loc":{"start":{"line":5,"column":18},"end":{"line":7,"column":5}},"line":5},"1":{"name":"(anonymous_1)","decl":{"start":{"line":8,"column":4},"end":{"line":8,"column":5}},"loc":{"start":{"line":8,"column":24},"end":{"line":21,"column":5}},"line":8}},"branchMap":{"0":{"loc":{"start":{"line":9,"column":8},"end":{"line":20,"column":9}},"type":"if","locations":[{"start":{"line":9,"column":8},"end":{"line":20,"column":9}},{"start":{"line":9,"column":8},"end":{"line":20,"column":9}}],"line":9},"1":{"loc":{"start":{"line":12,"column":13},"end":{"line":20,"column":9}},"type":"if","locations":[{"start":{"line":12,"column":13},"end":{"line":20,"column":9}},{"start":{"line":12,"column":13},"end":{"line":20,"column":9}}],"line":12},"2":{"loc":{"start":{"line":12,"column":17},"end":{"line":12,"column":46}},"type":"binary-expr","locations":[{"start":{"line":12,"column":17},"end":{"line":12,"column":31}},{"start":{"line":12,"column":35},"end":{"line":12,"column":46}}],"line":12},"3":{"loc":{"start":{"line":15,"column":13},"end":{"line":20,"column":9}},"type":"if","locations":[{"start":{"line":15,"column":13},"end":{"line":20,"column":9}},{"start":{"line":15,"column":13},"end":{"line":20,"column":9}}],"line":15},"4":{"loc":{"start":{"line":15,"column":17},"end":{"line":15,"column":46}},"type":"binary-expr","locations":[{"start":{"line":15,"column":17},"end":{"line":15,"column":31}},{"start":{"line":15,"column":35},"end":{"line":15,"column":46}}],"line":15}},"s":{"0":1,"1":1,"2":1,"3":2,"4":0,"5":2,"6":1,"7":1,"8":1,"9":0,"10":1},"f":{"0":1,"1":2},"b":{"0":[0,2],"1":[1,1],"2":[2,1],"3":[1,0],"4":[1,1]},"inputSourceMap":{"version":3,"file":"/home/usuario/ull-esit-inf-dsi-20-21-prct06-generics-solid-alu0101209500/code/src/ejercicio-2/temperatura.ts","sources":["/home/usuario/ull-esit-inf-dsi-20-21-prct06-generics-solid-alu0101209500/code/src/ejercicio-2/temperatura.ts"],"names":[],"mappings":";;;AAEA,MAAa,WAAW;IAEpB;QACI,IAAI,CAAC,QAAQ,GAAG,CAAC,CAAC,GAAG,EAAE,GAAG,CAAC,EAAE,CAAC,CAAC,EAAE,MAAM,CAAC,CAAC,CAAC;IAC9C,CAAC;IACD,OAAO,CAAC,IAAqB,EAAE,IAAW;QACtC,IAAG,IAAI,CAAC,CAAC,CAAC,IAAI,IAAI,EAAC;YACf,OAAO,IAAI,CAAC;SACf;aAAK,IAAG,IAAI,CAAC,CAAC,CAAC,IAAI,GAAG,IAAI,IAAI,IAAI,GAAG,EAAC;YACnC,OAAO,CAAC,GAAG,EAAE,IAAI,CAAC,CAAC,CAAC,GAAG,MAAM,CAAC,CAAC;SAClC;aAAK,IAAG,IAAI,CAAC,CAAC,CAAC,IAAI,GAAG,IAAI,IAAI,IAAI,GAAG,EAAC;YACnC,OAAO,CAAC,GAAG,EAAE,IAAI,CAAC,CAAC,CAAC,GAAG,MAAM,CAAC,CAAC;SAClC;aAAI;YACD,MAAM,OAAO,CAAC,KAAK,CAAC,qDAAqD,CAAC,CAAC;SAC9E;IACL,CAAC;CACJ;AAhBD,kCAgBC","sourcesContent":["import {isConvertible} from \"./isConvertible\";\n\nexport class Temperatura implements isConvertible<[string, number]>{\n    unidades: [string[], number[]];\n    constructor(){\n        this.unidades = [[\"C\", \"K\"], [0, 273.15]];\n    }\n    convert(val1:[string, number], val2:string): [string, number]{\n        if(val1[0] == val2){\n            return val1;\n        }else if(val1[0] == \"C\" && val2 == \"K\"){\n            return [\"K\", val1[1] + 273.15];\n        }else if(val1[0] == \"K\" && val2 == \"C\"){\n            return [\"C\", val1[1] - 273.15];\n        }else{\n            throw console.error(\"Se está intentando convertir una unidad no definida\");\n        }\n    }\n}"]},"_coverageSchema":"1a1c01bbd47fc00a2c39e90264f33305004495a9","hash":"4f8bb8cf2598dd24fd86836787884241c269ff76","contentHash":"13278c527a746b57a34cd7c728e7c38834f94593901d1a5a9f15d06a793a7a6c"},"/home/usuario/ull-esit-inf-dsi-20-21-prct06-generics-solid-alu0101209500/code/src/ejercicio-2/tiempo.ts":{"path":"/home/usuario/ull-esit-inf-dsi-20-21-prct06-generics-solid-alu0101209500/code/src/ejercicio-2/tiempo.ts","statementMap":{"0":{"start":{"line":2,"column":0},"end":{"line":2,"column":62}},"1":{"start":{"line":3,"column":0},"end":{"line":3,"column":24}},"2":{"start":{"line":6,"column":8},"end":{"line":6,"column":59}},"3":{"start":{"line":9,"column":8},"end":{"line":14,"column":9}},"4":{"start":{"line":10,"column":12},"end":{"line":10,"column":87}},"5":{"start":{"line":13,"column":12},"end":{"line":13,"column":161}},"6":{"start":{"line":17,"column":0},"end":{"line":17,"column":24}}},"fnMap":{"0":{"name":"(anonymous_0)","decl":{"start":{"line":5,"column":4},"end":{"line":5,"column":5}},"loc":{"start":{"line":5,"column":18},"end":{"line":7,"column":5}},"line":5},"1":{"name":"(anonymous_1)","decl":{"start":{"line":8,"column":4},"end":{"line":8,"column":5}},"loc":{"start":{"line":8,"column":24},"end":{"line":15,"column":5}},"line":8}},"branchMap":{"0":{"loc":{"start":{"line":9,"column":8},"end":{"line":14,"column":9}},"type":"if","locations":[{"start":{"line":9,"column":8},"end":{"line":14,"column":9}},{"start":{"line":9,"column":8},"end":{"line":14,"column":9}}],"line":9},"1":{"loc":{"start":{"line":9,"column":12},"end":{"line":9,"column":87}},"type":"binary-expr","locations":[{"start":{"line":9,"column":12},"end":{"line":9,"column":49}},{"start":{"line":9,"column":53},"end":{"line":9,"column":87}}],"line":9}},"s":{"0":1,"1":1,"2":1,"3":2,"4":0,"5":2,"6":1},"f":{"0":1,"1":2},"b":{"0":[0,2],"1":[2,2]},"inputSourceMap":{"version":3,"file":"/home/usuario/ull-esit-inf-dsi-20-21-prct06-generics-solid-alu0101209500/code/src/ejercicio-2/tiempo.ts","sources":["/home/usuario/ull-esit-inf-dsi-20-21-prct06-generics-solid-alu0101209500/code/src/ejercicio-2/tiempo.ts"],"names":[],"mappings":";;;AAEA,MAAa,MAAM;IAEf;QACI,IAAI,CAAC,QAAQ,GAAG,CAAC,CAAC,GAAG,EAAE,GAAG,EAAE,KAAK,CAAC,EAAE,CAAC,IAAI,EAAE,CAAC,EAAE,EAAE,CAAC,CAAC,CAAC;IACvD,CAAC;IACD,OAAO,CAAC,IAAqB,EAAE,IAAW;QACtC,IAAG,IAAI,CAAC,QAAQ,CAAC,CAAC,CAAC,CAAC,OAAO,CAAC,IAAI,CAAC,CAAC,CAAC,CAAC,GAAG,CAAC,IAAI,IAAI,CAAC,QAAQ,CAAC,CAAC,CAAC,CAAC,OAAO,CAAC,IAAI,CAAC,GAAG,CAAC,EAAC;YAC3E,MAAM,OAAO,CAAC,KAAK,CAAC,qDAAqD,CAAC,CAAC;SAC9E;aAAI;YACD,OAAO,CAAC,IAAI,EAAE,MAAM,CAAC,CAAC,IAAI,CAAC,CAAC,CAAC,GAAG,IAAI,CAAC,QAAQ,CAAC,CAAC,CAAC,CAAC,IAAI,CAAC,QAAQ,CAAC,CAAC,CAAC,CAAC,OAAO,CAAC,IAAI,CAAC,CAAC,GAAE,IAAI,CAAC,QAAQ,CAAC,CAAC,CAAC,CAAC,IAAI,CAAC,QAAQ,CAAC,CAAC,CAAC,CAAC,OAAO,CAAC,IAAI,CAAC,CAAC,CAAC,CAAC,CAAC,CAAC,CAAC,OAAO,CAAC,CAAC,CAAC,CAAC,CAAC,CAAC;SACvJ;IACL,CAAC;CACJ;AAZD,wBAYC","sourcesContent":["import {isConvertible} from \"./isConvertible\";\n\nexport class Tiempo implements isConvertible<[string, number]>{\n    unidades: [string[], number[]];\n    constructor(){\n        this.unidades = [[\"s\", \"h\", \"min\"], [3600, 1, 60]];\n    }\n    convert(val1:[string, number], val2:string): [string, number]{\n        if(this.unidades[0].indexOf(val1[0]) < 0 || this.unidades[0].indexOf(val2) < 0){\n            throw console.error(\"Se está intentando convertir una unidad no definida\");\n        }else{\n            return [val2, Number((val1[1] * this.unidades[1][this.unidades[0].indexOf(val2)]/ this.unidades[1][this.unidades[0].indexOf(val1[0])]).toFixed(5))];\n        }\n    }\n}"]},"_coverageSchema":"1a1c01bbd47fc00a2c39e90264f33305004495a9","hash":"8bfdd2d6d382db8a94e4402d562086ef91fd93c8","contentHash":"3469c3bb156a7c2be86338e96936918d60d89def56a2f70a7729450f176e309c"},"/home/usuario/ull-esit-inf-dsi-20-21-prct06-generics-solid-alu0101209500/code/src/ejercicio-2/velocidad.ts":{"path":"/home/usuario/ull-esit-inf-dsi-20-21-prct06-generics-solid-alu0101209500/code/src/ejercicio-2/velocidad.ts","statementMap":{"0":{"start":{"line":2,"column":0},"end":{"line":2,"column":62}},"1":{"start":{"line":3,"column":0},"end":{"line":3,"column":27}},"2":{"start":{"line":6,"column":8},"end":{"line":6,"column":67}},"3":{"start":{"line":9,"column":8},"end":{"line":14,"column":9}},"4":{"start":{"line":10,"column":12},"end":{"line":10,"column":87}},"5":{"start":{"line":13,"column":12},"end":{"line":13,"column":161}},"6":{"start":{"line":17,"column":0},"end":{"line":17,"column":30}}},"fnMap":{"0":{"name":"(anonymous_0)","decl":{"start":{"line":5,"column":4},"end":{"line":5,"column":5}},"loc":{"start":{"line":5,"column":18},"end":{"line":7,"column":5}},"line":5},"1":{"name":"(anonymous_1)","decl":{"start":{"line":8,"column":4},"end":{"line":8,"column":5}},"loc":{"start":{"line":8,"column":24},"end":{"line":15,"column":5}},"line":8}},"branchMap":{"0":{"loc":{"start":{"line":9,"column":8},"end":{"line":14,"column":9}},"type":"if","locations":[{"start":{"line":9,"column":8},"end":{"line":14,"column":9}},{"start":{"line":9,"column":8},"end":{"line":14,"column":9}}],"line":9},"1":{"loc":{"start":{"line":9,"column":12},"end":{"line":9,"column":87}},"type":"binary-expr","locations":[{"start":{"line":9,"column":12},"end":{"line":9,"column":49}},{"start":{"line":9,"column":53},"end":{"line":9,"column":87}}],"line":9}},"s":{"0":1,"1":1,"2":1,"3":2,"4":0,"5":2,"6":1},"f":{"0":1,"1":2},"b":{"0":[0,2],"1":[2,2]},"inputSourceMap":{"version":3,"file":"/home/usuario/ull-esit-inf-dsi-20-21-prct06-generics-solid-alu0101209500/code/src/ejercicio-2/velocidad.ts","sources":["/home/usuario/ull-esit-inf-dsi-20-21-prct06-generics-solid-alu0101209500/code/src/ejercicio-2/velocidad.ts"],"names":[],"mappings":";;;AAEA,MAAa,SAAS;IAElB;QACI,IAAI,CAAC,QAAQ,GAAG,CAAC,CAAC,KAAK,EAAE,MAAM,EAAE,MAAM,CAAC,EAAE,CAAC,CAAC,EAAE,GAAG,EAAE,KAAK,CAAC,CAAC,CAAC;IAC/D,CAAC;IACD,OAAO,CAAC,IAAqB,EAAE,IAAW;QACtC,IAAG,IAAI,CAAC,QAAQ,CAAC,CAAC,CAAC,CAAC,OAAO,CAAC,IAAI,CAAC,CAAC,CAAC,CAAC,GAAG,CAAC,IAAI,IAAI,CAAC,QAAQ,CAAC,CAAC,CAAC,CAAC,OAAO,CAAC,IAAI,CAAC,GAAG,CAAC,EAAC;YAC3E,MAAM,OAAO,CAAC,KAAK,CAAC,qDAAqD,CAAC,CAAC;SAC9E;aAAI;YACD,OAAO,CAAC,IAAI,EAAE,MAAM,CAAC,CAAC,IAAI,CAAC,CAAC,CAAC,GAAG,IAAI,CAAC,QAAQ,CAAC,CAAC,CAAC,CAAC,IAAI,CAAC,QAAQ,CAAC,CAAC,CAAC,CAAC,OAAO,CAAC,IAAI,CAAC,CAAC,GAAE,IAAI,CAAC,QAAQ,CAAC,CAAC,CAAC,CAAC,IAAI,CAAC,QAAQ,CAAC,CAAC,CAAC,CAAC,OAAO,CAAC,IAAI,CAAC,CAAC,CAAC,CAAC,CAAC,CAAC,CAAC,OAAO,CAAC,CAAC,CAAC,CAAC,CAAC,CAAC;SACvJ;IACL,CAAC;CACJ;AAZD,8BAYC","sourcesContent":["import {isConvertible} from \"./isConvertible\";\n\nexport class Velocidad implements isConvertible<[string, number]>{\n    unidades: [string[], number[]];\n    constructor(){\n        this.unidades = [[\"m/s\", \"km/h\", \"mi/h\"], [1, 3.6, 2.237]];\n    }\n    convert(val1:[string, number], val2:string): [string, number]{\n        if(this.unidades[0].indexOf(val1[0]) < 0 || this.unidades[0].indexOf(val2) < 0){\n            throw console.error(\"Se está intentando convertir una unidad no definida\");\n        }else{\n            return [val2, Number((val1[1] * this.unidades[1][this.unidades[0].indexOf(val2)]/ this.unidades[1][this.unidades[0].indexOf(val1[0])]).toFixed(3))];\n        }\n    }\n}"]},"_coverageSchema":"1a1c01bbd47fc00a2c39e90264f33305004495a9","hash":"37edaa0cdd5805522dfc90118f46b86dde996e63","contentHash":"c703630545629d9393b14d73816934ad79501379354888a4d29e2071a4da3ab6"},"/home/usuario/ull-esit-inf-dsi-20-21-prct06-generics-solid-alu0101209500/code/src/ejercicio-2/volumen.ts":{"path":"/home/usuario/ull-esit-inf-dsi-20-21-prct06-generics-solid-alu0101209500/code/src/ejercicio-2/volumen.ts","statementMap":{"0":{"start":{"line":2,"column":0},"end":{"line":2,"column":62}},"1":{"start":{"line":3,"column":0},"end":{"line":3,"column":25}},"2":{"start":{"line":6,"column":8},"end":{"line":6,"column":48}},"3":{"start":{"line":9,"column":8},"end":{"line":14,"column":9}},"4":{"start":{"line":10,"column":12},"end":{"line":10,"column":87}},"5":{"start":{"line":13,"column":12},"end":{"line":13,"column":161}},"6":{"start":{"line":17,"column":0},"end":{"line":17,"column":26}}},"fnMap":{"0":{"name":"(anonymous_0)","decl":{"start":{"line":5,"column":4},"end":{"line":5,"column":5}},"loc":{"start":{"line":5,"column":18},"end":{"line":7,"column":5}},"line":5},"1":{"name":"(anonymous_1)","decl":{"start":{"line":8,"column":4},"end":{"line":8,"column":5}},"loc":{"start":{"line":8,"column":24},"end":{"line":15,"column":5}},"line":8}},"branchMap":{"0":{"loc":{"start":{"line":9,"column":8},"end":{"line":14,"column":9}},"type":"if","locations":[{"start":{"line":9,"column":8},"end":{"line":14,"column":9}},{"start":{"line":9,"column":8},"end":{"line":14,"column":9}}],"line":9},"1":{"loc":{"start":{"line":9,"column":12},"end":{"line":9,"column":87}},"type":"binary-expr","locations":[{"start":{"line":9,"column":12},"end":{"line":9,"column":49}},{"start":{"line":9,"column":53},"end":{"line":9,"column":87}}],"line":9}},"s":{"0":1,"1":1,"2":1,"3":2,"4":0,"5":2,"6":1},"f":{"0":1,"1":2},"b":{"0":[0,2],"1":[2,2]},"inputSourceMap":{"version":3,"file":"/home/usuario/ull-esit-inf-dsi-20-21-prct06-generics-solid-alu0101209500/code/src/ejercicio-2/volumen.ts","sources":["/home/usuario/ull-esit-inf-dsi-20-21-prct06-generics-solid-alu0101209500/code/src/ejercicio-2/volumen.ts"],"names":[],"mappings":";;;AAEA,MAAa,OAAO;IAEhB;QACI,IAAI,CAAC,QAAQ,GAAG,CAAC,CAAC,IAAI,EAAE,GAAG,CAAC,EAAE,CAAC,CAAC,EAAE,GAAG,CAAC,CAAC,CAAC;IAC5C,CAAC;IACD,OAAO,CAAC,IAAqB,EAAE,IAAW;QACtC,IAAG,IAAI,CAAC,QAAQ,CAAC,CAAC,CAAC,CAAC,OAAO,CAAC,IAAI,CAAC,CAAC,CAAC,CAAC,GAAG,CAAC,IAAI,IAAI,CAAC,QAAQ,CAAC,CAAC,CAAC,CAAC,OAAO,CAAC,IAAI,CAAC,GAAG,CAAC,EAAC;YAC3E,MAAM,OAAO,CAAC,KAAK,CAAC,qDAAqD,CAAC,CAAC;SAC9E;aAAI;YACD,OAAO,CAAC,IAAI,EAAE,MAAM,CAAC,CAAC,IAAI,CAAC,CAAC,CAAC,GAAG,IAAI,CAAC,QAAQ,CAAC,CAAC,CAAC,CAAC,IAAI,CAAC,QAAQ,CAAC,CAAC,CAAC,CAAC,OAAO,CAAC,IAAI,CAAC,CAAC,GAAE,IAAI,CAAC,QAAQ,CAAC,CAAC,CAAC,CAAC,IAAI,CAAC,QAAQ,CAAC,CAAC,CAAC,CAAC,OAAO,CAAC,IAAI,CAAC,CAAC,CAAC,CAAC,CAAC,CAAC,CAAC,OAAO,CAAC,CAAC,CAAC,CAAC,CAAC,CAAC;SACvJ;IACL,CAAC;CACJ;AAZD,0BAYC","sourcesContent":["import {isConvertible} from \"./isConvertible\";\n\nexport class Volumen implements isConvertible<[string, number]>{\n    unidades: [string[], number[]];\n    constructor(){\n        this.unidades = [[\"m3\", \"l\"], [1, 100]];\n    }\n    convert(val1:[string, number], val2:string): [string, number]{\n        if(this.unidades[0].indexOf(val1[0]) < 0 || this.unidades[0].indexOf(val2) < 0){\n            throw console.error(\"Se está intentando convertir una unidad no definida\");\n        }else{\n            return [val2, Number((val1[1] * this.unidades[1][this.unidades[0].indexOf(val2)]/ this.unidades[1][this.unidades[0].indexOf(val1[0])]).toFixed(3))];\n        }\n    }\n}"]},"_coverageSchema":"1a1c01bbd47fc00a2c39e90264f33305004495a9","hash":"64b9cf496357befd8ec58aa90007a2bf96c34c44","contentHash":"f71e6075b00e8a1dc3d528caac4c055c4297a0b577a5e36f90d31769ecb778fe"},"/home/usuario/ull-esit-inf-dsi-20-21-prct06-generics-solid-alu0101209500/code/src/ejercicio-3/documentaryStreamableCollection.ts":{"path":"/home/usuario/ull-esit-inf-dsi-20-21-prct06-generics-solid-alu0101209500/code/src/ejercicio-3/documentaryStreamableCollection.ts","statementMap":{"0":{"start":{"line":2,"column":0},"end":{"line":2,"column":62}},"1":{"start":{"line":3,"column":0},"end":{"line":3,"column":49}},"2":{"start":{"line":4,"column":36},"end":{"line":4,"column":74}},"3":{"start":{"line":7,"column":8},"end":{"line":7,"column":19}},"4":{"start":{"line":10,"column":8},"end":{"line":27,"column":9}},"5":{"start":{"line":12,"column":16},"end":{"line":12,"column":80}},"6":{"start":{"line":12,"column":54},"end":{"line":12,"column":77}},"7":{"start":{"line":13,"column":16},"end":{"line":13,"column":22}},"8":{"start":{"line":15,"column":16},"end":{"line":15,"column":86}},"9":{"start":{"line":15,"column":54},"end":{"line":15,"column":83}},"10":{"start":{"line":16,"column":16},"end":{"line":16,"column":22}},"11":{"start":{"line":18,"column":16},"end":{"line":18,"column":81}},"12":{"start":{"line":18,"column":54},"end":{"line":18,"column":78}},"13":{"start":{"line":19,"column":16},"end":{"line":19,"column":22}},"14":{"start":{"line":21,"column":16},"end":{"line":21,"column":83}},"15":{"start":{"line":21,"column":54},"end":{"line":21,"column":80}},"16":{"start":{"line":22,"column":16},"end":{"line":22,"column":22}},"17":{"start":{"line":24,"column":16},"end":{"line":24,"column":62}},"18":{"start":{"line":25,"column":16},"end":{"line":25,"column":26}},"19":{"start":{"line":26,"column":16},"end":{"line":26,"column":22}},"20":{"start":{"line":30,"column":8},"end":{"line":30,"column":194}},"21":{"start":{"line":30,"column":47},"end":{"line":30,"column":191}},"22":{"start":{"line":33,"column":0},"end":{"line":33,"column":74}}},"fnMap":{"0":{"name":"(anonymous_0)","decl":{"start":{"line":6,"column":4},"end":{"line":6,"column":5}},"loc":{"start":{"line":6,"column":21},"end":{"line":8,"column":5}},"line":6},"1":{"name":"(anonymous_1)","decl":{"start":{"line":9,"column":4},"end":{"line":9,"column":5}},"loc":{"start":{"line":9,"column":33},"end":{"line":28,"column":5}},"line":9},"2":{"name":"(anonymous_2)","decl":{"start":{"line":12,"column":46},"end":{"line":12,"column":47}},"loc":{"start":{"line":12,"column":54},"end":{"line":12,"column":77}},"line":12},"3":{"name":"(anonymous_3)","decl":{"start":{"line":15,"column":46},"end":{"line":15,"column":47}},"loc":{"start":{"line":15,"column":54},"end":{"line":15,"column":83}},"line":15},"4":{"name":"(anonymous_4)","decl":{"start":{"line":18,"column":46},"end":{"line":18,"column":47}},"loc":{"start":{"line":18,"column":54},"end":{"line":18,"column":78}},"line":18},"5":{"name":"(anonymous_5)","decl":{"start":{"line":21,"column":46},"end":{"line":21,"column":47}},"loc":{"start":{"line":21,"column":54},"end":{"line":21,"column":80}},"line":21},"6":{"name":"(anonymous_6)","decl":{"start":{"line":29,"column":4},"end":{"line":29,"column":5}},"loc":{"start":{"line":29,"column":12},"end":{"line":31,"column":5}},"line":29},"7":{"name":"(anonymous_7)","decl":{"start":{"line":30,"column":32},"end":{"line":30,"column":33}},"loc":{"start":{"line":30,"column":47},"end":{"line":30,"column":191}},"line":30}},"branchMap":{"0":{"loc":{"start":{"line":10,"column":8},"end":{"line":27,"column":9}},"type":"switch","locations":[{"start":{"line":11,"column":12},"end":{"line":13,"column":22}},{"start":{"line":14,"column":12},"end":{"line":16,"column":22}},{"start":{"line":17,"column":12},"end":{"line":19,"column":22}},{"start":{"line":20,"column":12},"end":{"line":22,"column":22}},{"start":{"line":23,"column":12},"end":{"line":26,"column":22}}],"line":10}},"s":{"0":1,"1":1,"2":1,"3":1,"4":4,"5":1,"6":4,"7":0,"8":1,"9":4,"10":0,"11":1,"12":4,"13":0,"14":1,"15":4,"16":0,"17":0,"18":0,"19":0,"20":1,"21":4,"22":1},"f":{"0":1,"1":4,"2":4,"3":4,"4":4,"5":4,"6":1,"7":4},"b":{"0":[1,1,1,1,0]},"inputSourceMap":{"version":3,"file":"/home/usuario/ull-esit-inf-dsi-20-21-prct06-generics-solid-alu0101209500/code/src/ejercicio-3/documentaryStreamableCollection.ts","sources":["/home/usuario/ull-esit-inf-dsi-20-21-prct06-generics-solid-alu0101209500/code/src/ejercicio-3/documentaryStreamableCollection.ts"],"names":[],"mappings":";;;AAAA,2EAAsE;AAStE,MAAa,+BAAgC,SAAQ,qDAAsC;IACvF,YAAY,GAAkB;QAC1B,KAAK,CAAC,GAAG,CAAC,CAAC;IACf,CAAC;IACD,aAAa,CAAC,QAAe,EAAE,GAAkB;QAC7C,QAAQ,QAAQ,CAAC,WAAW,EAAE,EAAE;YAC5B,KAAK,QAAQ;gBACT,OAAO,IAAI,CAAC,UAAU,CAAC,MAAM,CAAC,CAAC,CAAC,EAAE,EAAE,CAAC,CAAC,CAAC,CAAC,MAAM,IAAI,MAAM,CAAC,GAAG,CAAC,CAAC,CAAC,CAAC;gBAChE,MAAM;YACV,KAAK,cAAc;gBACf,OAAO,IAAI,CAAC,UAAU,CAAC,MAAM,CAAC,CAAC,CAAC,EAAE,EAAE,CAAC,CAAC,CAAC,CAAC,YAAY,IAAI,MAAM,CAAC,GAAG,CAAC,CAAC,CAAC,CAAC;gBACtE,MAAM;YACV,KAAK,SAAS;gBACV,OAAO,IAAI,CAAC,UAAU,CAAC,MAAM,CAAC,CAAC,CAAC,EAAE,EAAE,CAAC,CAAC,CAAC,CAAC,OAAO,IAAI,MAAM,CAAC,GAAG,CAAC,CAAC,CAAC,CAAC;gBACjE,MAAM;YACV,KAAK,WAAW;gBACZ,OAAO,IAAI,CAAC,UAAU,CAAC,MAAM,CAAC,CAAC,CAAC,EAAE,EAAE,CAAC,CAAC,CAAC,CAAC,SAAS,IAAI,MAAM,CAAC,GAAG,CAAC,CAAC,CAAC,CAAC;gBACnE,MAAM;YACV;gBACI,OAAO,CAAC,GAAG,CAAC,gCAAgC,CAAC,CAAC;gBAC9C,OAAO,EAAE,CAAC;gBACV,MAAM;SACb;IACL,CAAC;IACD,KAAK;QACD,IAAI,CAAC,UAAU,CAAC,OAAO,CAAC,CAAC,CAAC,EAAE,KAAK,EAAE,EAAE,CAAC,CAAC,OAAO,CAAC,GAAG,CAAC,OAAO,KAAK,aAAa,CAAC,CAAC,MAAM,gBAAgB,CAAC,CAAC,SAAS,mBAAmB,CAAC,CAAC,YAAY,yBAAyB,CAAC,CAAC,OAAO,IAAI,CAAC,CAAC,CAAC,CAAC;IAC9L,CAAC;CACJ;AA3BD,0EA2BC","sourcesContent":["import {BasicStreamableCollection} from \"./basicStreamableCollection\";\n\nexport type documentary = {\n    nombre: string;\n    localizacion: string;\n    categoria: string;\n    estreno: number;\n};\n\nexport class DocumentaryStreamableCollection extends BasicStreamableCollection<documentary>{\n    constructor(col: documentary[]){\n        super(col);\n    }\n    searchElement(criterio:string, val: string|number){\n        switch (criterio.toLowerCase()) {\n            case \"nombre\":\n                return this.collection.filter((a) => (a.nombre == String(val)));\n                break;\n            case \"localizacion\":\n                return this.collection.filter((a) => (a.localizacion == String(val)));\n                break;\n            case \"estreno\":\n                return this.collection.filter((a) => (a.estreno == Number(val)));\n                break;\n            case \"categoria\":\n                return this.collection.filter((a) => (a.categoria == String(val)));\n                break;\n            default:\n                console.log(\"Criterio de búsqueda no válido\");\n                return [];\n                break;\n        }\n    }\n    print(){\n        this.collection.forEach((v, index) => (console.log(`ID: ${index}\\nNombre: ${v.nombre}\\nCategoría: ${v.categoria}\\nLocalización: ${v.localizacion}\\nAño de publicación: ${v.estreno}\\n`)));\n    }\n}"]},"_coverageSchema":"1a1c01bbd47fc00a2c39e90264f33305004495a9","hash":"3b41a6befcaf9fd258a8f100d183fcbbd49d0ac6","contentHash":"b9442e286cfb48242cae68f179db9270fef673fe18ce809634fedb9c623dfa09"},"/home/usuario/ull-esit-inf-dsi-20-21-prct06-generics-solid-alu0101209500/code/src/ejercicio-3/basicStreamableCollection.ts":{"path":"/home/usuario/ull-esit-inf-dsi-20-21-prct06-generics-solid-alu0101209500/code/src/ejercicio-3/basicStreamableCollection.ts","statementMap":{"0":{"start":{"line":2,"column":0},"end":{"line":2,"column":62}},"1":{"start":{"line":3,"column":0},"end":{"line":3,"column":43}},"2":{"start":{"line":6,"column":8},"end":{"line":6,"column":37}},"3":{"start":{"line":9,"column":8},"end":{"line":9,"column":38}},"4":{"start":{"line":12,"column":18},"end":{"line":12,"column":20}},"5":{"start":{"line":13,"column":8},"end":{"line":14,"column":28}},"6":{"start":{"line":13,"column":48},"end":{"line":14,"column":24}},"7":{"start":{"line":14,"column":12},"end":{"line":14,"column":24}},"8":{"start":{"line":15,"column":8},"end":{"line":15,"column":35}},"9":{"start":{"line":18,"column":8},"end":{"line":18,"column":38}},"10":{"start":{"line":21,"column":0},"end":{"line":21,"column":62}}},"fnMap":{"0":{"name":"(anonymous_0)","decl":{"start":{"line":5,"column":4},"end":{"line":5,"column":5}},"loc":{"start":{"line":5,"column":28},"end":{"line":7,"column":5}},"line":5},"1":{"name":"(anonymous_1)","decl":{"start":{"line":8,"column":4},"end":{"line":8,"column":5}},"loc":{"start":{"line":8,"column":24},"end":{"line":10,"column":5}},"line":8},"2":{"name":"(anonymous_2)","decl":{"start":{"line":11,"column":4},"end":{"line":11,"column":5}},"loc":{"start":{"line":11,"column":22},"end":{"line":16,"column":5}},"line":11},"3":{"name":"(anonymous_3)","decl":{"start":{"line":13,"column":32},"end":{"line":13,"column":33}},"loc":{"start":{"line":13,"column":46},"end":{"line":14,"column":26}},"line":13},"4":{"name":"(anonymous_4)","decl":{"start":{"line":17,"column":4},"end":{"line":17,"column":5}},"loc":{"start":{"line":17,"column":26},"end":{"line":19,"column":5}},"line":17}},"branchMap":{"0":{"loc":{"start":{"line":13,"column":48},"end":{"line":14,"column":24}},"type":"if","locations":[{"start":{"line":13,"column":48},"end":{"line":14,"column":24}},{"start":{"line":13,"column":48},"end":{"line":14,"column":24}}],"line":13}},"s":{"0":1,"1":1,"2":3,"3":3,"4":3,"5":3,"6":15,"7":12,"8":3,"9":12,"10":1},"f":{"0":3,"1":3,"2":3,"3":15,"4":12},"b":{"0":[12,3]},"inputSourceMap":{"version":3,"file":"/home/usuario/ull-esit-inf-dsi-20-21-prct06-generics-solid-alu0101209500/code/src/ejercicio-3/basicStreamableCollection.ts","sources":["/home/usuario/ull-esit-inf-dsi-20-21-prct06-generics-solid-alu0101209500/code/src/ejercicio-3/basicStreamableCollection.ts"],"names":[],"mappings":";;;AAGA,MAAsB,yBAAyB;IAC3C,YAAsB,UAAc;QAAd,eAAU,GAAV,UAAU,CAAI;IAAE,CAAC;IACvC,UAAU,CAAC,OAAU;QACjB,IAAI,CAAC,UAAU,CAAC,IAAI,CAAC,OAAO,CAAC,CAAC;IAClC,CAAC;IACD,aAAa,CAAC,EAAU;QACpB,IAAI,GAAG,GAAO,EAAE,CAAC;QACjB,IAAI,CAAC,UAAU,CAAC,OAAO,CAAC,CAAC,CAAC,EAAE,KAAK,EAAE,EAAE,GAAE,IAAG,EAAE,IAAI,KAAK;YAAE,GAAG,CAAC,IAAI,CAAC,CAAC,CAAC,CAAC,CAAA,CAAC,CAAC,CAAC;QACtE,IAAI,CAAC,UAAU,GAAG,CAAC,GAAG,GAAG,CAAC,CAAC;IAC/B,CAAC;IACD,mBAAmB;QACf,OAAO,IAAI,CAAC,UAAU,CAAC,MAAM,CAAC;IAClC,CAAC;CAGJ;AAfD,8DAeC","sourcesContent":["import {Streamable} from \"./streamable\";\nimport {Printable} from \"./printable\";\n\nexport abstract class BasicStreamableCollection<T> implements Streamable<T>, Printable {\n    constructor(protected collection:T[]){}\n    addElement(element: T){\n        this.collection.push(element);\n    }\n    removeElement(id: number){\n        let aux:T[] = [];\n        this.collection.forEach((v, index) => {if(id != index) aux.push(v);});\n        this.collection = [...aux];\n    }\n    getNumberOfElements(){\n        return this.collection.length;\n    }\n    abstract searchElement(criterio: string, val: string|number): T[];\n    abstract print():void;\n}"]},"_coverageSchema":"1a1c01bbd47fc00a2c39e90264f33305004495a9","hash":"7aae8413097b5c579fc08fd0c6b58d9a69a02e01","contentHash":"0b8f07fc3f3f00bf16931cc78d9e813ea59c647e146b6d8c550b46917b469bae"},"/home/usuario/ull-esit-inf-dsi-20-21-prct06-generics-solid-alu0101209500/code/src/ejercicio-3/movieStreamableCollection.ts":{"path":"/home/usuario/ull-esit-inf-dsi-20-21-prct06-generics-solid-alu0101209500/code/src/ejercicio-3/movieStreamableCollection.ts","statementMap":{"0":{"start":{"line":2,"column":0},"end":{"line":2,"column":62}},"1":{"start":{"line":3,"column":0},"end":{"line":3,"column":43}},"2":{"start":{"line":4,"column":36},"end":{"line":4,"column":74}},"3":{"start":{"line":7,"column":8},"end":{"line":7,"column":19}},"4":{"start":{"line":10,"column":8},"end":{"line":27,"column":9}},"5":{"start":{"line":12,"column":16},"end":{"line":12,"column":80}},"6":{"start":{"line":12,"column":54},"end":{"line":12,"column":77}},"7":{"start":{"line":13,"column":16},"end":{"line":13,"column":22}},"8":{"start":{"line":15,"column":16},"end":{"line":15,"column":82}},"9":{"start":{"line":15,"column":54},"end":{"line":15,"column":79}},"10":{"start":{"line":16,"column":16},"end":{"line":16,"column":22}},"11":{"start":{"line":18,"column":16},"end":{"line":18,"column":81}},"12":{"start":{"line":18,"column":54},"end":{"line":18,"column":78}},"13":{"start":{"line":19,"column":16},"end":{"line":19,"column":22}},"14":{"start":{"line":21,"column":16},"end":{"line":21,"column":82}},"15":{"start":{"line":21,"column":54},"end":{"line":21,"column":79}},"16":{"start":{"line":22,"column":16},"end":{"line":22,"column":22}},"17":{"start":{"line":24,"column":16},"end":{"line":24,"column":62}},"18":{"start":{"line":25,"column":16},"end":{"line":25,"column":26}},"19":{"start":{"line":26,"column":16},"end":{"line":26,"column":22}},"20":{"start":{"line":30,"column":8},"end":{"line":30,"column":180}},"21":{"start":{"line":30,"column":47},"end":{"line":30,"column":177}},"22":{"start":{"line":33,"column":0},"end":{"line":33,"column":62}}},"fnMap":{"0":{"name":"(anonymous_0)","decl":{"start":{"line":6,"column":4},"end":{"line":6,"column":5}},"loc":{"start":{"line":6,"column":21},"end":{"line":8,"column":5}},"line":6},"1":{"name":"(anonymous_1)","decl":{"start":{"line":9,"column":4},"end":{"line":9,"column":5}},"loc":{"start":{"line":9,"column":33},"end":{"line":28,"column":5}},"line":9},"2":{"name":"(anonymous_2)","decl":{"start":{"line":12,"column":46},"end":{"line":12,"column":47}},"loc":{"start":{"line":12,"column":54},"end":{"line":12,"column":77}},"line":12},"3":{"name":"(anonymous_3)","decl":{"start":{"line":15,"column":46},"end":{"line":15,"column":47}},"loc":{"start":{"line":15,"column":54},"end":{"line":15,"column":79}},"line":15},"4":{"name":"(anonymous_4)","decl":{"start":{"line":18,"column":46},"end":{"line":18,"column":47}},"loc":{"start":{"line":18,"column":54},"end":{"line":18,"column":78}},"line":18},"5":{"name":"(anonymous_5)","decl":{"start":{"line":21,"column":46},"end":{"line":21,"column":47}},"loc":{"start":{"line":21,"column":54},"end":{"line":21,"column":79}},"line":21},"6":{"name":"(anonymous_6)","decl":{"start":{"line":29,"column":4},"end":{"line":29,"column":5}},"loc":{"start":{"line":29,"column":12},"end":{"line":31,"column":5}},"line":29},"7":{"name":"(anonymous_7)","decl":{"start":{"line":30,"column":32},"end":{"line":30,"column":33}},"loc":{"start":{"line":30,"column":47},"end":{"line":30,"column":177}},"line":30}},"branchMap":{"0":{"loc":{"start":{"line":10,"column":8},"end":{"line":27,"column":9}},"type":"switch","locations":[{"start":{"line":11,"column":12},"end":{"line":13,"column":22}},{"start":{"line":14,"column":12},"end":{"line":16,"column":22}},{"start":{"line":17,"column":12},"end":{"line":19,"column":22}},{"start":{"line":20,"column":12},"end":{"line":22,"column":22}},{"start":{"line":23,"column":12},"end":{"line":26,"column":22}}],"line":10}},"s":{"0":1,"1":1,"2":1,"3":1,"4":4,"5":1,"6":4,"7":0,"8":1,"9":4,"10":0,"11":1,"12":4,"13":0,"14":1,"15":4,"16":0,"17":0,"18":0,"19":0,"20":1,"21":4,"22":1},"f":{"0":1,"1":4,"2":4,"3":4,"4":4,"5":4,"6":1,"7":4},"b":{"0":[1,1,1,1,0]},"inputSourceMap":{"version":3,"file":"/home/usuario/ull-esit-inf-dsi-20-21-prct06-generics-solid-alu0101209500/code/src/ejercicio-3/movieStreamableCollection.ts","sources":["/home/usuario/ull-esit-inf-dsi-20-21-prct06-generics-solid-alu0101209500/code/src/ejercicio-3/movieStreamableCollection.ts"],"names":[],"mappings":";;;AAAA,2EAAsE;AAStE,MAAa,yBAA0B,SAAQ,qDAAgC;IAC3E,YAAY,GAAY;QACpB,KAAK,CAAC,GAAG,CAAC,CAAC;IACf,CAAC;IACD,aAAa,CAAC,QAAe,EAAE,GAAkB;QAC7C,
[...]
C,CAAC,CAAC,MAAM,IAAI,MAAM,CAAC,GAAG,CAAC,CAAC,CAAC,CAAC;gBAChE,MAAM;YACV,KAAK,YAAY;gBACb,OAAO,IAAI,CAAC,UAAU,CAAC,MAAM,CAAC,CAAC,CAAC,EAAE,EAAE,CAAC,CAAC,CAAC,CAAC,UAAU,IAAI,MAAM,CAAC,GAAG,CAAC,CAAC,CAAC,CAAC;gBACpE,MAAM;YACV,KAAK,WAAW;gBACZ,OAAO,IAAI,CAAC,UAAU,CAAC,MAAM,CAAC,CAAC,CAAC,EAAE,EAAE,CAAC,CAAC,CAAC,CAAC,SAAS,IAAI,MAAM,CAAC,GAAG,CAAC,CAAC,CAAC,CAAC;gBACnE,MAAM;YACV,KAAK,YAAY;gBACb,OAAO,IAAI,CAAC,UAAU,CAAC,MAAM,CAAC,CAAC,CAAC,EAAE,EAAE,CAAC,CAAC,CAAC,CAAC,UAAU,IAAI,MAAM,CAAC,GAAG,CAAC,CAAC,CAAC,CAAC;gBACpE,MAAM;YACV;gBACI,OAAO,CAAC,GAAG,CAAC,gCAAgC,CAAC,CAAC;gBAC9C,OAAO,EAAE,CAAC;gBACV,MAAM;SACb;IACL,CAAC;IACD,KAAK;QACD,IAAI,CAAC,UAAU,CAAC,OAAO,CAAC,CAAC,CAAC,EAAE,KAAK,EAAE,EAAE,CAAC,CAAC,OAAO,CAAC,GAAG,CAAC,OAAO,KAAK,aAAa,CAAC,CAAC,MAAM,iBAAiB,CAAC,CAAC,UAAU,gBAAgB,CAAC,CAAC,SAAS,iBAAiB,CAAC,CAAC,UAAU,IAAI,CAAC,CAAC,CAAC,CAAC;IACrL,CAAC;CACJ;AA3BD,8DA2BC","sourcesContent":["import {BasicStreamableCollection} from \"./basicStreamableCollection\";\n\nexport type serie = {\n    nombre: string;\n    temporadas: number;\n    capitulos: number;\n    plataforma: string;\n};\n\nexport class SerieStreamableCollection extends BasicStreamableCollection<serie>{\n    constructor(col: serie[]){\n        super(col);\n    }\n    searchElement(criterio:string, val: string|number){\n        switch (criterio.toLowerCase()) {\n            case \"nombre\":\n                return this.collection.filter((a) => (a.nombre == String(val)));\n                break;\n            case \"temporadas\":\n                return this.collection.filter((a) => (a.temporadas == Number(val)));\n                break;\n            case \"capitulos\":\n                return this.collection.filter((a) => (a.capitulos == Number(val)));\n                break;\n            case \"plataforma\":\n                return this.collection.filter((a) => (a.plataforma == String(val)));\n                break;\n            default:\n                console.log(\"Criterio de búsqueda no válido\");\n                return [];\n                break;\n        }\n    }\n    print(){\n        this.collection.forEach((v, index) => (console.log(`ID: ${index}\\nNombre: ${v.nombre}\\nTemporadas: ${v.temporadas}\\nCapitulos: ${v.capitulos}\\nPlataforma: ${v.plataforma}\\n`)));\n    }\n}"]},"_coverageSchema":"1a1c01bbd47fc00a2c39e90264f33305004495a9","hash":"4a8a95b2e27b056dd4c7cc224b3e642c4c98ffa7","contentHash":"560d5aa4df17bc6a7611d9982480ee96c3a571e03146f854ee35596ec0bac065"},"/home/usuario/ull-esit-inf-dsi-20-21-prct06-generics-solid-alu0101209500/code/src/modif/Complex.ts":{"path":"/home/usuario/ull-esit-inf-dsi-20-21-prct06-generics-solid-alu0101209500/code/src/modif/Complex.ts","statementMap":{"0":{"start":{"line":2,"column":0},"end":{"line":2,"column":62}},"1":{"start":{"line":3,"column":0},"end":{"line":3,"column":25}},"2":{"start":{"line":6,"column":8},"end":{"line":6,"column":25}},"3":{"start":{"line":7,"column":8},"end":{"line":7,"column":25}},"4":{"start":{"line":10,"column":8},"end":{"line":10,"column":25}},"5":{"start":{"line":13,"column":8},"end":{"line":13,"column":25}},"6":{"start":{"line":16,"column":8},"end":{"line":16,"column":55}},"7":{"start":{"line":19,"column":16},"end":{"line":19,"column":46}},"8":{"start":{"line":20,"column":16},"end":{"line":20,"column":46}},"9":{"start":{"line":21,"column":8},"end":{"line":21,"column":33}},"10":{"start":{"line":24,"column":16},"end":{"line":24,"column":46}},"11":{"start":{"line":25,"column":16},"end":{"line":25,"column":46}},"12":{"start":{"line":26,"column":8},"end":{"line":26,"column":33}},"13":{"start":{"line":29,"column":16},"end":{"line":29,"column":79}},"14":{"start":{"line":30,"column":16},"end":{"line":30,"column":79}},"15":{"start":{"line":31,"column":8},"end":{"line":31,"column":33}},"16":{"start":{"line":34,"column":16},"end":{"line":34,"column":141}},"17":{"start":{"line":35,"column":16},"end":{"line":35,"column":141}},"18":{"start":{"line":36,"column":8},"end":{"line":36,"column":33}},"19":{"start":{"line":39,"column":8},"end":{"line":39,"column":61}},"20":{"start":{"line":42,"column":0},"end":{"line":42,"column":26}}},"fnMap":{"0":{"name":"(anonymous_0)","decl":{"start":{"line":5,"column":4},"end":{"line":5,"column":5}},"loc":{"start":{"line":5,"column":28},"end":{"line":8,"column":5}},"line":5},"1":{"name":"(anonymous_1)","decl":{"start":{"line":9,"column":4},"end":{"line":9,"column":5}},"loc":{"start":{"line":9,"column":14},"end":{"line":11,"column":5}},"line":9},"2":{"name":"(anonymous_2)","decl":{"start":{"line":12,"column":4},"end":{"line":12,"column":5}},"loc":{"start":{"line":12,"column":14},"end":{"line":14,"column":5}},"line":12},"3":{"name":"(anonymous_3)","decl":{"start":{"line":15,"column":4},"end":{"line":15,"column":5}},"loc":{"start":{"line":15,"column":16},"end":{"line":17,"column":5}},"line":15},"4":{"name":"(anonymous_4)","decl":{"start":{"line":18,"column":4},"end":{"line":18,"column":5}},"loc":{"start":{"line":18,"column":13},"end":{"line":22,"column":5}},"line":18},"5":{"name":"(anonymous_5)","decl":{"start":{"line":23,"column":4},"end":{"line":23,"column":5}},"loc":{"start":{"line":23,"column":19},"end":{"line":27,"column":5}},"line":23},"6":{"name":"(anonymous_6)","decl":{"start":{"line":28,"column":4},"end":{"line":28,"column":5}},"loc":{"start":{"line":28,"column":18},"end":{"line":32,"column":5}},"line":28},"7":{"name":"(anonymous_7)","decl":{"start":{"line":33,"column":4},"end":{"line":33,"column":5}},"loc":{"start":{"line":33,"column":16},"end":{"line":37,"column":5}},"line":33},"8":{"name":"(anonymous_8)","decl":{"start":{"line":38,"column":4},"end":{"line":38,"column":5}},"loc":{"start":{"line":38,"column":12},"end":{"line":40,"column":5}},"line":38}},"branchMap":{},"s":{"0":1,"1":1,"2":8,"3":8,"4":20,"5":20,"6":5,"7":1,"8":1,"9":1,"10":1,"11":1,"12":1,"13":1,"14":1,"15":1,"16":1,"17":1,"18":1,"19":1,"20":1},"f":{"0":8,"1":20,"2":20,"3":5,"4":1,"5":1,"6":1,"7":1,"8":1},"b":{},"inputSourceMap":{"version":3,"file":"/home/usuario/ull-esit-inf-dsi-20-21-prct06-generics-solid-alu0101209500/code/src/modif/Complex.ts","sources":["/home/usuario/ull-esit-inf-dsi-20-21-prct06-generics-solid-alu0101209500/code/src/modif/Complex.ts"],"names":[],"mappings":";;;AAGA,MAAa,OAAO;IAChB,YAAoB,IAAW,EAAU,IAAW;QAAhC,SAAI,GAAJ,IAAI,CAAO;QAAU,SAAI,GAAJ,IAAI,CAAO;IAAE,CAAC;IACvD,OAAO;QACH,OAAO,IAAI,CAAC,IAAI,CAAC;IACrB,CAAC;IACD,OAAO;QACH,OAAO,IAAI,CAAC,IAAI,CAAC;IACrB,CAAC;IACD,SAAS;QACL,OAAO,GAAG,IAAI,CAAC,OAAO,EAAE,KAAK,IAAI,CAAC,OAAO,EAAE,GAAG,CAAC;IACnD,CAAC;IACD,GAAG,CAAC,GAAW;QACX,IAAI,CAAC,GAAW,IAAI,CAAC,OAAO,EAAE,GAAG,GAAG,CAAC,OAAO,EAAE,CAAC;QAC/C,IAAI,CAAC,GAAW,IAAI,CAAC,OAAO,EAAE,GAAG,GAAG,CAAC,OAAO,EAAE,CAAC;QAC/C,OAAO,IAAI,OAAO,CAAC,CAAC,EAAE,CAAC,CAAC,CAAC;IAC7B,CAAC;IACD,SAAS,CAAC,GAAW;QACjB,IAAI,CAAC,GAAW,IAAI,CAAC,OAAO,EAAE,GAAG,GAAG,CAAC,OAAO,EAAE,CAAC;QAC/C,IAAI,CAAC,GAAW,IAAI,CAAC,OAAO,EAAE,GAAG,GAAG,CAAC,OAAO,EAAE,CAAC;QAC/C,OAAO,IAAI,OAAO,CAAC,CAAC,EAAE,CAAC,CAAC,CAAC;IAC7B,CAAC;IACD,QAAQ,CAAC,GAAW;QAChB,IAAI,CAAC,GAAW,IAAI,CAAC,OAAO,EAAE,GAAC,GAAG,CAAC,OAAO,EAAE,GAAG,IAAI,CAAC,OAAO,EAAE,GAAC,GAAG,CAAC,OAAO,EAAE,CAAC;QAC5E,IAAI,CAAC,GAAW,IAAI,CAAC,OAAO,EAAE,GAAC,GAAG,CAAC,OAAO,EAAE,GAAG,IAAI,CAAC,OAAO,EAAE,GAAC,GAAG,CAAC,OAAO,EAAE,CAAC;QAC5E,OAAO,IAAI,OAAO,CAAC,CAAC,EAAE,CAAC,CAAC,CAAC;IAC7B,CAAC;IACD,MAAM,CAAC,GAAW;QACd,IAAI,CAAC,GAAW,CAAC,IAAI,CAAC,OAAO,EAAE,GAAC,GAAG,CAAC,OAAO,EAAE,GAAG,IAAI,CAAC,OAAO,EAAE,GAAC,GAAG,CAAC,OAAO,EAAE,CAAC,GAAC,CAAC,IAAI,CAAC,GAAG,CAAC,GAAG,CAAC,OAAO,EAAE,EAAE,CAAC,CAAC,GAAG,IAAI,CAAC,GAAG,CAAC,GAAG,CAAC,OAAO,EAAE,EAAE,CAAC,CAAC,CAAC,CAAC;QACxI,IAAI,CAAC,GAAW,CAAC,IAAI,CAAC,OAAO,EAAE,GAAC,GAAG,CAAC,OAAO,EAAE,GAAG,IAAI,CAAC,OAAO,EAAE,GAAC,GAAG,CAAC,OAAO,EAAE,CAAC,GAAC,CAAC,IAAI,CAAC,GAAG,CAAC,GAAG,CAAC,OAAO,EAAE,EAAE,CAAC,CAAC,GAAG,IAAI,CAAC,GAAG,CAAC,GAAG,CAAC,OAAO,EAAE,EAAE,CAAC,CAAC,CAAC,CAAC;QACxI,OAAO,IAAI,OAAO,CAAC,CAAC,EAAE,CAAC,CAAC,CAAC;IAC7B,CAAC;IACD,KAAK;QACD,OAAO,CAAC,GAAG,CAAC,GAAG,IAAI,CAAC,OAAO,EAAE,KAAK,IAAI,CAAC,OAAO,EAAE,GAAG,CAAC,CAAC;IACzD,CAAC;CACJ;AAlCD,0BAkCC","sourcesContent":["import {Printable} from \"../ejercicio-3/printable\";\nimport {Effectible} from \"./effectible\";\n\nexport class Complex implements Effectible<Complex>, Printable{\n    constructor(private real:number, private imag:number){}\n    getReal(){\n        return this.real;\n    }\n    getImag(){\n        return this.imag;\n    }\n    getString(){\n        return `${this.getReal()}, ${this.getImag()}i`;\n    }\n    add(val:Complex){\n        let r: number = this.getReal() + val.getReal();\n        let i: number = this.getImag() + val.getImag();\n        return new Complex(r, i);\n    }\n    substract(val:Complex){\n        let r: number = this.getReal() - val.getReal();\n        let i: number = this.getImag() - val.getImag();\n        return new Complex(r, i);\n    }\n    multiply(val:Complex){\n        let r: number = this.getReal()*val.getReal() - this.getImag()*val.getImag();\n        let i: number = this.getReal()*val.getImag() + this.getImag()*val.getReal();\n        return new Complex(r, i);\n    }\n    divide(val:Complex){\n        let r: number = (this.getReal()*val.getReal() + this.getImag()*val.getImag())/(Math.pow(val.getReal(), 2) + Math.pow(val.getImag(), 2));\n        let i: number = (this.getImag()*val.getReal() - this.getReal()*val.getImag())/(Math.pow(val.getReal(), 2) + Math.pow(val.getImag(), 2));\n        return new Complex(r, i);\n    }\n    print(){\n        console.log(`${this.getReal()}, ${this.getImag()}i`);\n    }\n}"]},"_coverageSchema":"1a1c01bbd47fc00a2c39e90264f33305004495a9","hash":"0d70bf405190dfd98e9a04e637a67277913ce6a1","contentHash":"84589e19f3cac1c221168e79b93d638f11e4b2b47b79dc6ab29df13dc0180f71"},"/home/usuario/ull-esit-inf-dsi-20-21-prct06-generics-solid-alu0101209500/code/src/modif/effectibleCollection.ts":{"path":"/home/usuario/ull-esit-inf-dsi-20-21-prct06-generics-solid-alu0101209500/code/src/modif/effectibleCollection.ts","statementMap":{"0":{"start":{"line":2,"column":0},"end":{"line":2,"column":62}},"1":{"start":{"line":3,"column":0},"end":{"line":3,"column":38}},"2":{"start":{"line":6,"column":8},"end":{"line":6,"column":37}},"3":{"start":{"line":9,"column":8},"end":{"line":9,"column":34}},"4":{"start":{"line":12,"column":8},"end":{"line":15,"column":52}},"5":{"start":{"line":13,"column":12},"end":{"line":13,"column":39}},"6":{"start":{"line":15,"column":12},"end":{"line":15,"column":52}},"7":{"start":{"line":18,"column":8},"end":{"line":18,"column":38}},"8":{"start":{"line":21,"column":0},"end":{"line":21,"column":52}}},"fnMap":{"0":{"name":"(anonymous_0)","decl":{"start":{"line":5,"column":4},"end":{"line":5,"column":5}},"loc":{"start":{"line":5,"column":28},"end":{"line":7,"column":5}},"line":5},"1":{"name":"(anonymous_1)","decl":{"start":{"line":8,"column":4},"end":{"line":8,"column":5}},"loc":{"start":{"line":8,"column":23},"end":{"line":10,"column":5}},"line":8},"2":{"name":"(anonymous_2)","decl":{"start":{"line":11,"column":4},"end":{"line":11,"column":5}},"loc":{"start":{"line":11,"column":22},"end":{"line":16,"column":5}},"line":11},"3":{"name":"(anonymous_3)","decl":{"start":{"line":17,"column":4},"end":{"line":17,"column":5}},"loc":{"start":{"line":17,"column":29},"end":{"line":19,"column":5}},"line":17}},"branchMap":{"0":{"loc":{"start":{"line":12,"column":8},"end":{"line":15,"column":52}},"type":"if","locations":[{"start":{"line":12,"column":8},"end":{"line":15,"column":52}},{"start":{"line":12,"column":8},"end":{"line":15,"column":52}}],"line":12},"1":{"loc":{"start":{"line":12,"column":12},"end":{"line":12,"column":54}},"type":"binary-expr","locations":[{"start":{"line":12,"column":13},"end":{"line":12,"column":40}},{"start":{"line":12,"column":46},"end":{"line":12,"column":53}}],"line":12}},"s":{"0":1,"1":1,"2":1,"3":1,"4":1,"5":1,"6":0,"7":2,"8":1},"f":{"0":1,"1":1,"2":1,"3":2},"b":{"0":[1,0],"1":[1,1]},"inputSourceMap":{"version":3,"file":"/home/usuario/ull-esit-inf-dsi-20-21-prct06-generics-solid-alu0101209500/code/src/modif/effectibleCollection.ts","sources":["/home/usuario/ull-esit-inf-dsi-20-21-prct06-generics-solid-alu0101209500/code/src/modif/effectibleCollection.ts"],"names":[],"mappings":";;;AAEA,MAAa,oBAAoB;IAC7B,YAAsB,UAAe;QAAf,eAAU,GAAV,UAAU,CAAK;IAAE,CAAC;IACxC,aAAa,CAAC,GAAM;QAChB,IAAI,CAAC,UAAU,CAAC,IAAI,CAAC,GAAG,CAAC,CAAC;IAC9B,CAAC;IACD,aAAa,CAAC,EAAU;QACpB,IAAG,CAAC,EAAE,GAAG,IAAI,CAAC,UAAU,CAAC,MAAM,CAAC,IAAI,CAAC,EAAE,IAAI,CAAC,CAAC;YAAE,OAAO,IAAI,CAAC,UAAU,CAAC,EAAE,CAAC,CAAC;;YACrE,MAAM,IAAI,SAAS,CAAC,kBAAkB,CAAC,CAAC;IACjD,CAAC;IACD,sBAAsB;QAClB,OAAO,IAAI,CAAC,UAAU,CAAC,MAAM,CAAC;IAClC,CAAC;CACJ;AAZD,oDAYC","sourcesContent":["import {Effectible} from \"./effectible\";\n\nexport class EffectibleCollection <T extends Effectible<T>>{\n    constructor(protected collection: T[]){}\n    addEffectible(val: T){\n        this.collection.push(val);\n    }\n    getEffectible(id: number):T{\n        if((id < this.collection.length) && (id >= 0)) return this.collection[id];\n        else throw new TypeError(\"Índice no válido\");\n    }\n    getNumberOfEffectibles():number{\n        return this.collection.length;\n    }\n}"]},"_coverageSchema":"1a1c01bbd47fc00a2c39e90264f33305004495a9","hash":"6a8d4d9e73e2c99e6880ec071f2131be59f56cb5","contentHash":"dfe6447989d32ac684e1ac2cc19ca70cbed61c39816d615821acc7f337b1997b"},"/home/usuario/ull-esit-inf-dsi-20-21-prct06-generics-solid-alu0101209500/code/src/modif/Rational.ts":{"path":"/home/usuario/ull-esit-inf-dsi-20-21-prct06-generics-solid-alu0101209500/code/src/modif/Rational.ts","statementMap":{"0":{"start":{"line":2,"column":0},"end":{"line":2,"column":62}},"1":{"start":{"line":3,"column":0},"end":{"line":3,"column":26}},"2":{"start":{"line":6,"column":8},"end":{"line":6,"column":23}},"3":{"start":{"line":7,"column":8},"end":{"line":7,"column":23}},"4":{"start":{"line":10,"column":8},"end":{"line":10,"column":24}},"5":{"start":{"line":13,"column":8},"end":{"line":13,"column":24}},"6":{"start":{"line":16,"column":8},"end":{"line":16,"column":51}},"7":{"start":{"line":19,"column":16},"end":{"line":19,"column":75}},"8":{"start":{"line":20,"column":16},"end":{"line":20,"column":44}},"9":{"start":{"line":21,"column":8},"end":{"line":21,"column":34}},"10":{"start":{"line":24,"column":16},"end":{"line":24,"column":84}},"11":{"start":{"line":25,"column":16},"end":{"line":25,"column":44}},"12":{"start":{"line":26,"column":8},"end":{"line":26,"column":34}},"13":{"start":{"line":29,"column":16},"end":{"line":29,"column":44}},"14":{"start":{"line":30,"column":16},"end":{"line":30,"column":44}},"15":{"start":{"line":31,"column":8},"end":{"line":31,"column":34}},"16":{"start":{"line":34,"column":16},"end":{"line":34,"column":44}},"17":{"start":{"line":35,"column":16},"end":{"line":35,"column":44}},"18":{"start":{"line":36,"column":8},"end":{"line":36,"column":34}},"19":{"start":{"line":39,"column":8},"end":{"line":39,"column":57}},"20":{"start":{"line":42,"column":0},"end":{"line":42,"column":28}}},"fnMap":{"0":{"name":"(anonymous_0)","decl":{"start":{"line":5,"column":4},"end":{"line":5,"column":5}},"loc":{"start":{"line":5,"column":26},"end":{"line":8,"column":5}},"line":5},"1":{"name":"(anonymous_1)","decl":{"start":{"line":9,"column":4},"end":{"line":9,"column":5}},"loc":{"start":{"line":9,"column":13},"end":{"line":11,"column":5}},"line":9},"2":{"name":"(anonymous_2)","decl":{"start":{"line":12,"column":4},"end":{"line":12,"column":5}},"loc":{"start":{"line":12,"column":13},"end":{"line":14,"column":5}},"line":12},"3":{"name":"(anonymous_3)","decl":{"start":{"line":15,"column":4},"end":{"line":15,"column":5}},"loc":{"start":{"line":15,"column":16},"end":{"line":17,"column":5}},"line":15},"4":{"name":"(anonymous_4)","decl":{"start":{"line":18,"column":4},"end":{"line":18,"column":5}},"loc":{"start":{"line":18,"column":13},"end":{"line":22,"column":5}},"line":18},"5":{"name":"(anonymous_5)","decl":{"start":{"line":23,"column":4},"end":{"line":23,"column":5}},"loc":{"start":{"line":23,"column":19},"end":{"line":27,"column":5}},"line":23},"6":{"name":"(anonymous_6)","decl":{"start":{"line":28,"column":4},"end":{"line":28,"column":5}},"loc":{"start":{"line":28,"column":18},"end":{"line":32,"column":5}},"line":28},"7":{"name":"(anonymous_7)","decl":{"start":{"line":33,"column":4},"end":{"line":33,"column":5}},"loc":{"start":{"line":33,"column":16},"end":{"line":37,"column":5}},"line":33},"8":{"name":"(anonymous_8)","decl":{"start":{"line":38,"column":4},"end":{"line":38,"column":5}},"loc":{"start":{"line":38,"column":12},"end":{"line":40,"column":5}},"line":38}},"branchMap":{},"s":{"0":1,"1":1,"2":6,"3":6,"4":13,"5":17,"6":4,"7":1,"8":1,"9":1,"10":1,"11":1,"12":1,"13":1,"14":1,"15":1,"16":1,"17":1,"18":1,"19":1,"20":1},"f":{"0":6,"1":13,"2":17,"3":4,"4":1,"5":1,"6":1,"7":1,"8":1},"b":{},"inputSourceMap":{"version":3,"file":"/home/usuario/ull-esit-inf-dsi-20-21-prct06-generics-solid-alu0101209500/code/src/modif/Rational.ts","sources":["/home/usuario/ull-esit-inf-dsi-20-21-prct06-generics-solid-alu0101209500/code/src/modif/Rational.ts"],"names":[],"mappings":";;;AAGA,MAAa,QAAQ;IACjB,YAAoB,GAAU,EAAU,GAAU;QAA9B,QAAG,GAAH,GAAG,CAAO;QAAU,QAAG,GAAH,GAAG,CAAO;IAAE,CAAC;IACrD,MAAM;QACF,OAAO,IAAI,CAAC,GAAG,CAAC;IACpB,CAAC;IACD,MAAM;QACF,OAAO,IAAI,CAAC,GAAG,CAAC;IACpB,CAAC;IACD,SAAS;QACL,OAAO,GAAG,IAAI,CAAC,MAAM,EAAE,IAAI,IAAI,CAAC,MAAM,EAAE,EAAE,CAAC;IAC/C,CAAC;IACD,GAAG,CAAC,GAAY;QACZ,IAAI,CAAC,GAAW,IAAI,CAAC,MAAM,EAAE,GAAC,GAAG,CAAC,MAAM,EAAE,GAAG,IAAI,CAAC,MAAM,EAAE,GAAC,GAAG,CAAC,MAAM,EAAE,CAAC;QACxE,IAAI,CAAC,GAAW,IAAI,CAAC,MAAM,EAAE,GAAC,GAAG,CAAC,MAAM,EAAE,CAAC;QAC3C,OAAO,IAAI,QAAQ,CAAC,CAAC,EAAE,CAAC,CAAC,CAAC;IAC9B,CAAC;IACD,SAAS,CAAC,GAAY;QAClB,IAAI,CAAC,GAAW,CAAC,IAAI,CAAC,MAAM,EAAE,CAAC,GAAC,GAAG,CAAC,MAAM,EAAE,GAAG,IAAI,CAAC,MAAM,EAAE,GAAC,CAAC,CAAC,CAAC,GAAC,GAAG,CAAC,MAAM,EAAE,CAAC,CAAC;QAC/E,IAAI,CAAC,GAAW,IAAI,CAAC,MAAM,EAAE,GAAC,GAAG,CAAC,MAAM,EAAE,CAAC;QAC3C,OAAO,IAAI,QAAQ,CAAC,CAAC,EAAE,CAAC,CAAC,CAAC;IAC9B,CAAC;IACD,QAAQ,CAAC,GAAY;QACjB,IAAI,CAAC,GAAW,IAAI,CAAC,MAAM,EAAE,GAAC,GAAG,CAAC,MAAM,EAAE,CAAC;QAC3C,IAAI,CAAC,GAAW,IAAI,CAAC,MAAM,EAAE,GAAC,GAAG,CAAC,MAAM,EAAE,CAAC;QAC3C,OAAO,IAAI,QAAQ,CAAC,CAAC,EAAE,CAAC,CAAC,CAAC;IAC9B,CAAC;IACD,MAAM,CAAC,GAAY;QACf,IAAI,CAAC,GAAW,IAAI,CAAC,MAAM,EAAE,GAAC,GAAG,CAAC,MAAM,EAAE,CAAC;QAC3C,IAAI,CAAC,GAAW,IAAI,CAAC,MAAM,EAAE,GAAC,GAAG,CAAC,MAAM,EAAE,CAAC;QAC3C,OAAO,IAAI,QAAQ,CAAC,CAAC,EAAE,CAAC,CAAC,CAAC;IAC9B,CAAC;IACD,KAAK;QACD,OAAO,CAAC,GAAG,CAAC,GAAG,IAAI,CAAC,MAAM,EAAE,IAAI,IAAI,CAAC,MAAM,EAAE,EAAE,CAAC,CAAC;IACrD,CAAC;CACJ;AAlCD,4BAkCC","sourcesContent":["import {Printable} from \"../ejercicio-3/printable\";\nimport {Effectible} from \"./effectible\";\n\nexport class Rational implements Effectible<Rational>, Printable{\n    constructor(private num:number, private den:number){}\n    getNum(){\n        return this.num;\n    }\n    getDen(){\n        return this.den;\n    }\n    getString(){\n        return `${this.getNum()}/${this.getDen()}`;\n    }\n    add(val:Rational){\n        let r: number = this.getNum()*val.getDen() + this.getDen()*val.getNum();\n        let i: number = this.getDen()*val.getDen();\n        return new Rational(r, i);\n    }\n    substract(val:Rational){\n        let r: number = (this.getNum())*val.getDen() + this.getDen()*(-1*val.getNum());\n        let i: number = this.getDen()*val.getDen();\n        return new Rational(r, i);\n    }\n    multiply(val:Rational){\n        let r: number = this.getNum()*val.getNum();\n        let i: number = this.getDen()*val.getDen();\n        return new Rational(r, i);\n    }\n    divide(val:Rational){\n        let r: number = this.getNum()*val.getDen();\n        let i: number = this.getDen()*val.getNum();\n        return new Rational(r, i);\n    }\n    print(){\n        console.log(`${this.getNum()}/${this.getDen()}`);\n    }\n}"]},"_coverageSchema":"1a1c01bbd47fc00a2c39e90264f33305004495a9","hash":"6aaf450f7f29134b65c53c6e3d7590899daef5aa","contentHash":"695fb720e1d8025feefdcf71669f894609108f2db8bc12ff8f73a9452cf1399b"}}